Using pre-set license
Built from '6000.0/staging' branch; Version is '6000.0.40f1 (157d81624ddf) revision 1408385'; Using compiler version '193933523'; Build Type 'Release'
OS: 'Windows 11  (10.0.26100) 64bit Professional' Language: 'en' Physical Memory: 32509 MB
BatchMode: 1, IsHumanControllingUs: 0, StartBugReporterOnCrash: 0, Is64bit: 1, IsPro: 1

COMMAND LINE ARGUMENTS:
C:\Program Files\Unity\Hub\Editor\6000.0.40f1\Editor\Unity.exe
-adb2
-batchMode
-noUpm
-name
AssetImportWorker4
-projectPath
C:/Users/Cryst/OneDrive/Documents/Uni Stuff/IGB101 Interactive Media For Games/IGB101 Project
-logFile
Logs/AssetImportWorker4.log
-srvPort
57789
-job-worker-count
13
-background-job-worker-count
8
-gc-helper-count
1
Successfully changed project path to: C:/Users/Cryst/OneDrive/Documents/Uni Stuff/IGB101 Interactive Media For Games/IGB101 Project
C:/Users/Cryst/OneDrive/Documents/Uni Stuff/IGB101 Interactive Media For Games/IGB101 Project
[UnityMemory] Configuration Parameters - Can be set up in boot.config
    "memorysetup-bucket-allocator-granularity=16"
    "memorysetup-bucket-allocator-bucket-count=8"
    "memorysetup-bucket-allocator-block-size=33554432"
    "memorysetup-bucket-allocator-block-count=8"
    "memorysetup-main-allocator-block-size=16777216"
    "memorysetup-thread-allocator-block-size=16777216"
    "memorysetup-gfx-main-allocator-block-size=16777216"
    "memorysetup-gfx-thread-allocator-block-size=16777216"
    "memorysetup-cache-allocator-block-size=4194304"
    "memorysetup-typetree-allocator-block-size=2097152"
    "memorysetup-profiler-bucket-allocator-granularity=16"
    "memorysetup-profiler-bucket-allocator-bucket-count=8"
    "memorysetup-profiler-bucket-allocator-block-size=33554432"
    "memorysetup-profiler-bucket-allocator-block-count=8"
    "memorysetup-profiler-allocator-block-size=16777216"
    "memorysetup-profiler-editor-allocator-block-size=1048576"
    "memorysetup-temp-allocator-size-main=16777216"
    "memorysetup-job-temp-allocator-block-size=2097152"
    "memorysetup-job-temp-allocator-block-size-background=1048576"
    "memorysetup-job-temp-allocator-reduction-small-platforms=262144"
    "memorysetup-allocator-temp-initial-block-size-main=262144"
    "memorysetup-allocator-temp-initial-block-size-worker=262144"
    "memorysetup-temp-allocator-size-background-worker=32768"
    "memorysetup-temp-allocator-size-job-worker=262144"
    "memorysetup-temp-allocator-size-preload-manager=33554432"
    "memorysetup-temp-allocator-size-nav-mesh-worker=65536"
    "memorysetup-temp-allocator-size-audio-worker=65536"
    "memorysetup-temp-allocator-size-cloud-worker=32768"
    "memorysetup-temp-allocator-size-gi-baking-worker=262144"
    "memorysetup-temp-allocator-size-gi-baking-worker=262144"
    "memorysetup-temp-allocator-size-gi-baking-worker=262144"
    "memorysetup-temp-allocator-size-gi-baking-worker=262144"
    "memorysetup-temp-allocator-size-gi-baking-worker=262144"
    "memorysetup-temp-allocator-size-gfx=262144"
Player connection [25656]  Target information:

Player connection [25656]  * "[IP] 192.168.1.104 [Port] 0 [Flags] 2 [Guid] 1030541170 [EditorId] 1030541170 [Version] 1048832 [Id] WindowsEditor(7,Alluvion) [Debug] 1 [PackageName] WindowsEditor [ProjectName] Editor" 

Player connection [25656] Host joined multi-casting on [225.0.0.222:54997]...
Player connection [25656] Host joined alternative multi-casting on [225.0.0.222:34997]...
JobSystem: Creating JobQueue using job-worker-count value 13
Input System module state changed to: Initialized.
[Physics::Module] Initialized fallback backend.
[Physics::Module] Id: 0xdecafbad
Library Redirect Path: Library/
[Physics::Module] Selected backend.
[Physics::Module] Name: PhysX
[Physics::Module] Id: 0xf2b8ea05
[Physics::Module] SDK Version: 4.1.2
[Physics::Module] Integration Version: 1.0.0
[Physics::Module] Threading Mode: Multi-Threaded
Refreshing native plugins compatible for Editor in 2.16 ms, found 3 plugins.
Preloading 0 native plugins for Editor in 0.00 ms.
Initialize engine version: 6000.0.40f1 (157d81624ddf)
[Subsystems] Discovering subsystems at path C:/Program Files/Unity/Hub/Editor/6000.0.40f1/Editor/Data/Resources/UnitySubsystems
[Subsystems] Discovering subsystems at path C:/Users/Cryst/OneDrive/Documents/Uni Stuff/IGB101 Interactive Media For Games/IGB101 Project/Assets
GfxDevice: creating device client; kGfxThreadingModeNonThreaded
Direct3D:
    Version:  Direct3D 11.0 [level 11.1]
    Renderer: NVIDIA GeForce RTX 4070 SUPER (ID=0x2783)
    Vendor:   NVIDIA
    VRAM:     11999 MB
    Driver:   32.0.15.6094
Initialize mono
Mono path[0] = 'C:/Program Files/Unity/Hub/Editor/6000.0.40f1/Editor/Data/Managed'
Mono path[1] = 'C:/Program Files/Unity/Hub/Editor/6000.0.40f1/Editor/Data/MonoBleedingEdge/lib/mono/unityjit-win32'
Mono config path = 'C:/Program Files/Unity/Hub/Editor/6000.0.40f1/Editor/Data/MonoBleedingEdge/etc'
Using monoOptions --debugger-agent=transport=dt_socket,embedding=1,server=y,suspend=n,address=127.0.0.1:56092
Begin MonoManager ReloadAssembly
Registering precompiled unity dll's ...
Register platform support module: C:/Program Files/Unity/Hub/Editor/6000.0.40f1/Editor/Data/PlaybackEngines/WebGLSupport/UnityEditor.WebGL.Extensions.dll
Register platform support module: C:/Program Files/Unity/Hub/Editor/6000.0.40f1/Editor/Data/PlaybackEngines/WindowsStandaloneSupport/UnityEditor.WindowsStandalone.Extensions.dll
Register platform support module: C:/Program Files/Unity/Hub/Editor/6000.0.40f1/Editor/Data/PlaybackEngines/MetroSupport/UnityEditor.UWP.Extensions.dll
Registered in 0.006593 seconds.
- Loaded All Assemblies, in  0.265 seconds
Native extension for UWP target not found
Native extension for WindowsStandalone target not found
Native extension for WebGL target not found
Mono: successfully reloaded assembly
- Finished resetting the current domain, in  0.250 seconds
Domain Reload Profiling: 513ms
	BeginReloadAssembly (89ms)
		ExecutionOrderSort (0ms)
		DisableScriptedObjects (0ms)
		BackupInstance (0ms)
		ReleaseScriptingObjects (0ms)
		CreateAndSetChildDomain (1ms)
	RebuildCommonClasses (23ms)
	RebuildNativeTypeToScriptingClass (8ms)
	initialDomainReloadingComplete (38ms)
	LoadAllAssembliesAndSetupDomain (104ms)
		LoadAssemblies (87ms)
		RebuildTransferFunctionScriptingTraits (0ms)
		AnalyzeDomain (102ms)
			TypeCache.Refresh (101ms)
				TypeCache.ScanAssembly (92ms)
			BuildScriptInfoCaches (0ms)
			ResolveRequiredComponents (1ms)
	FinalizeReload (250ms)
		ReleaseScriptCaches (0ms)
		RebuildScriptCaches (0ms)
		SetupLoadedEditorAssemblies (222ms)
			LogAssemblyErrors (0ms)
			InitializePlatformSupportModulesInManaged (40ms)
			SetLoadedEditorAssemblies (3ms)
			BeforeProcessingInitializeOnLoad (33ms)
			ProcessInitializeOnLoadAttributes (106ms)
			ProcessInitializeOnLoadMethodAttributes (40ms)
			AfterProcessingInitializeOnLoad (0ms)
			EditorAssembliesLoaded (0ms)
		ExecutionOrderSort2 (0ms)
		AwakeInstancesAfterBackupRestoration (0ms)
========================================================================
Worker process is ready to serve import requests
Import Worker Mode flag is 0x00
Begin MonoManager ReloadAssembly
- Loaded All Assemblies, in  0.531 seconds
Refreshing native plugins compatible for Editor in 0.68 ms, found 3 plugins.
Native extension for UWP target not found
Native extension for WindowsStandalone target not found
Native extension for WebGL target not found
The project currently uses the compatibility mode where the Render Graph API is disabled. Support for this mode will be removed in future Unity versions. Migrate existing ScriptableRenderPasses to the new RenderGraph API. After the migration, disable the compatibility mode in Edit > Projects Settings > Graphics > Render Graph.
UnityEngine.Debug:ExtractStackTraceNoAlloc (byte*,int,string)
UnityEngine.StackTraceUtility:ExtractStackTrace ()
UnityEngine.DebugLogHandler:Internal_Log (UnityEngine.LogType,UnityEngine.LogOption,string,UnityEngine.Object)
UnityEngine.DebugLogHandler:LogFormat (UnityEngine.LogType,UnityEngine.Object,string,object[])
UnityEngine.Logger:Log (UnityEngine.LogType,object)
UnityEngine.Debug:LogWarning (object)
UnityEngine.Rendering.Universal.WarnUsingNonRenderGraph:EmitConsoleWarning () (at ./Library/PackageCache/com.unity.render-pipelines.universal@bd2aa618476e/Runtime/Data/UniversalRenderPipelineAsset.cs:427)
System.Reflection.RuntimeMethodInfo:Invoke (object,System.Reflection.BindingFlags,System.Reflection.Binder,object[],System.Globalization.CultureInfo)
System.Reflection.MethodBase:Invoke (object,object[])
UnityEditor.EditorAssemblies:ProcessInitializeOnLoadMethodAttributes ()

(Filename: ./Library/PackageCache/com.unity.render-pipelines.universal@bd2aa618476e/Runtime/Data/UniversalRenderPipelineAsset.cs Line: 427)

[MODES] ModeService[none].Initialize
[MODES] ModeService[none].LoadModes
[MODES] Loading mode Default (0) for mode-current-id-IGB101 Project
Mono: successfully reloaded assembly
- Finished resetting the current domain, in  0.428 seconds
Domain Reload Profiling: 954ms
	BeginReloadAssembly (111ms)
		ExecutionOrderSort (0ms)
		DisableScriptedObjects (3ms)
		BackupInstance (0ms)
		ReleaseScriptingObjects (0ms)
		CreateAndSetChildDomain (17ms)
	RebuildCommonClasses (23ms)
	RebuildNativeTypeToScriptingClass (7ms)
	initialDomainReloadingComplete (28ms)
	LoadAllAssembliesAndSetupDomain (356ms)
		LoadAssemblies (273ms)
		RebuildTransferFunctionScriptingTraits (0ms)
		AnalyzeDomain (153ms)
			TypeCache.Refresh (113ms)
				TypeCache.ScanAssembly (102ms)
			BuildScriptInfoCaches (32ms)
			ResolveRequiredComponents (6ms)
	FinalizeReload (428ms)
		ReleaseScriptCaches (0ms)
		RebuildScriptCaches (0ms)
		SetupLoadedEditorAssemblies (341ms)
			LogAssemblyErrors (0ms)
			InitializePlatformSupportModulesInManaged (8ms)
			SetLoadedEditorAssemblies (4ms)
			BeforeProcessingInitializeOnLoad (68ms)
			ProcessInitializeOnLoadAttributes (181ms)
			ProcessInitializeOnLoadMethodAttributes (75ms)
			AfterProcessingInitializeOnLoad (5ms)
			EditorAssembliesLoaded (0ms)
		ExecutionOrderSort2 (0ms)
		AwakeInstancesAfterBackupRestoration (4ms)
Launched and connected shader compiler UnityShaderCompiler.exe after 0.01 seconds
Refreshing native plugins compatible for Editor in 1.03 ms, found 3 plugins.
Preloading 0 native plugins for Editor in 0.00 ms.
Unloading 218 Unused Serialized files (Serialized files now loaded: 0)
Unloading 5880 unused Assets / (4.5 MB). Loaded Objects now: 6604.
Memory consumption went from 178.3 MB to 173.9 MB.
Total: 5.177700 ms (FindLiveObjects: 0.424400 ms CreateObjectMapping: 0.227200 ms MarkObjects: 3.141900 ms  DeleteObjects: 1.383100 ms)

========================================================================
Received Import Request.
  Time since last request: 161736.357769 seconds.
  path: Assets/Materials And Textures/Tiles132A
  artifactKey: Guid(d1c8bace7d7d7ea40bae9030b7c2b33b) Importer(815301076,1909f56bfc062723c751e8b465ee728b)
Start importing Assets/Materials And Textures/Tiles132A using Guid(d1c8bace7d7d7ea40bae9030b7c2b33b) Importer(815301076,1909f56bfc062723c751e8b465ee728b) (PreviewImporter) -> (artifact id: '8d3350890a0c79cc17f57d8c17bec53e') in 0.0036878 seconds
Number of updated asset objects reloaded before import = 0Number of asset objects unloaded after import = 0

========================================================================
Received Import Request.
  Time since last request: 13.951106 seconds.
  path: Assets/Materials And Textures/PavingStones105
  artifactKey: Guid(9be3c5a5cd08e5b4c84f54c924e2a879) Importer(815301076,1909f56bfc062723c751e8b465ee728b)
Start importing Assets/Materials And Textures/PavingStones105 using Guid(9be3c5a5cd08e5b4c84f54c924e2a879) Importer(815301076,1909f56bfc062723c751e8b465ee728b) (PreviewImporter) -> (artifact id: '107eb2250d6d58641444b52801951e78') in 0.0004562 seconds
Number of updated asset objects reloaded before import = 0Number of asset objects unloaded after import = 0

========================================================================
Received Import Request.
  Time since last request: 15.343930 seconds.
  path: Assets/Materials And Textures/PavingStones012
  artifactKey: Guid(6fc431ce345d25946b99479119ca63d0) Importer(815301076,1909f56bfc062723c751e8b465ee728b)
Start importing Assets/Materials And Textures/PavingStones012 using Guid(6fc431ce345d25946b99479119ca63d0) Importer(815301076,1909f56bfc062723c751e8b465ee728b) (PreviewImporter) -> (artifact id: '96d5336d3e0bf34c3c6e7787094a5df4') in 0.0004232 seconds
Number of updated asset objects reloaded before import = 0Number of asset objects unloaded after import = 0

========================================================================
Received Import Request.
  Time since last request: 2.468694 seconds.
  path: Assets/Materials And Textures/PavingStones079
  artifactKey: Guid(f962ae53f228c684b8d2201112acef9a) Importer(815301076,1909f56bfc062723c751e8b465ee728b)
Start importing Assets/Materials And Textures/PavingStones079 using Guid(f962ae53f228c684b8d2201112acef9a) Importer(815301076,1909f56bfc062723c751e8b465ee728b) (PreviewImporter) -> (artifact id: '6e380b501965240c046aad95a83457a4') in 0.0004551 seconds
Number of updated asset objects reloaded before import = 0Number of asset objects unloaded after import = 0

========================================================================
Received Import Request.
  Time since last request: 0.509060 seconds.
  path: Assets/Materials And Textures/PavingStones071
  artifactKey: Guid(e4dd983e041b3a5488a2fbb0aa5b0033) Importer(815301076,1909f56bfc062723c751e8b465ee728b)
Start importing Assets/Materials And Textures/PavingStones071 using Guid(e4dd983e041b3a5488a2fbb0aa5b0033) Importer(815301076,1909f56bfc062723c751e8b465ee728b) (PreviewImporter) -> (artifact id: '906295b84638df6ebff59b3c7a6de9a8') in 0.0004869 seconds
Number of updated asset objects reloaded before import = 0Number of asset objects unloaded after import = 0

========================================================================
Received Import Request.
  Time since last request: 2.044171 seconds.
  path: Assets/Materials And Textures/PavingStones031
  artifactKey: Guid(81026c3c1e50a0d4b9a6c3c04aa115ff) Importer(815301076,1909f56bfc062723c751e8b465ee728b)
Start importing Assets/Materials And Textures/PavingStones031 using Guid(81026c3c1e50a0d4b9a6c3c04aa115ff) Importer(815301076,1909f56bfc062723c751e8b465ee728b) (PreviewImporter) -> (artifact id: '5106670f3acedbc1f06ac128d9525d86') in 0.0004581 seconds
Number of updated asset objects reloaded before import = 0Number of asset objects unloaded after import = 0

========================================================================
Received Import Request.
  Time since last request: 49.007621 seconds.
  path: Assets/Materials And Textures/PavingStones012/PavingStones012.png
  artifactKey: Guid(78ca98d081328e74abc2894d1d46bdaa) Importer(815301076,1909f56bfc062723c751e8b465ee728b)
Start importing Assets/Materials And Textures/PavingStones012/PavingStones012.png using Guid(78ca98d081328e74abc2894d1d46bdaa) Importer(815301076,1909f56bfc062723c751e8b465ee728b) (PreviewImporter) -> (artifact id: '664d51b3df1a24663467558c2878197d') in 0.0617973 seconds
Number of updated asset objects reloaded before import = 0Number of asset objects unloaded after import = 2

========================================================================
Received Import Request.
  Time since last request: 0.000017 seconds.
  path: Assets/Materials And Textures/PavingStones012/PavingStones012_1K-JPG_NormalGL.jpg
  artifactKey: Guid(58eac101244f44e4ab7c429ab08ed7ec) Importer(815301076,1909f56bfc062723c751e8b465ee728b)
Start importing Assets/Materials And Textures/PavingStones012/PavingStones012_1K-JPG_NormalGL.jpg using Guid(58eac101244f44e4ab7c429ab08ed7ec) Importer(815301076,1909f56bfc062723c751e8b465ee728b) (PreviewImporter) -> (artifact id: '7ef52109a14d9bbe005b2ed20cd3d536') in 0.0087919 seconds
Number of updated asset objects reloaded before import = 0Number of asset objects unloaded after import = 2

========================================================================
Received Import Request.
  Time since last request: 0.000027 seconds.
  path: Assets/Materials And Textures/PavingStones012/PavingStones012_1K-JPG_NormalDX.jpg
  artifactKey: Guid(377c28ab1e9d615449ac333418058d65) Importer(815301076,1909f56bfc062723c751e8b465ee728b)
Start importing Assets/Materials And Textures/PavingStones012/PavingStones012_1K-JPG_NormalDX.jpg using Guid(377c28ab1e9d615449ac333418058d65) Importer(815301076,1909f56bfc062723c751e8b465ee728b) (PreviewImporter) -> (artifact id: '9c5e437caae9e930d566dbc140fbd8e3') in 0.0118124 seconds
Number of updated asset objects reloaded before import = 0Number of asset objects unloaded after import = 2

========================================================================
Received Import Request.
  Time since last request: 4.326676 seconds.
  path: Assets/Materials And Textures/PavingStones012/New Folder
  artifactKey: Guid(44fcd4ff55566b94397c363a178f86c2) Importer(815301076,1909f56bfc062723c751e8b465ee728b)
Start importing Assets/Materials And Textures/PavingStones012/New Folder using Guid(44fcd4ff55566b94397c363a178f86c2) Importer(815301076,1909f56bfc062723c751e8b465ee728b) (PreviewImporter) -> (artifact id: '325c25cae8455d7f4cfdbab46d5c6660') in 0.0010702 seconds
Number of updated asset objects reloaded before import = 0Number of asset objects unloaded after import = 0

========================================================================
Received Import Request.
  Time since last request: 16.662538 seconds.
  path: Assets/Materials And Textures/PavingStones012/Paving Stones 012.mat
  artifactKey: Guid(bf09232bce29b6743af20b56782716c4) Importer(815301076,1909f56bfc062723c751e8b465ee728b)
Start importing Assets/Materials And Textures/PavingStones012/Paving Stones 012.mat using Guid(bf09232bce29b6743af20b56782716c4) Importer(815301076,1909f56bfc062723c751e8b465ee728b) (PreviewImporter)CommandBuffer: temporary render texture  not found while executing  (Copy source)
UnityEngine.Debug:ExtractStackTraceNoAlloc (byte*,int,string)
UnityEngine.StackTraceUtility:ExtractStackTrace ()
UnityEngine.Rendering.ScriptableRenderContext:Submit ()
UnityEngine.Rendering.Universal.UniversalRenderPipeline:RenderSingleCamera (UnityEngine.Rendering.ScriptableRenderContext,UnityEngine.Rendering.Universal.UniversalCameraData) (at ./Library/PackageCache/com.unity.render-pipelines.universal@bd2aa618476e/Runtime/UniversalRenderPipeline.cs:887)
UnityEngine.Rendering.Universal.UniversalRenderPipeline:RenderSingleCameraInternal (UnityEngine.Rendering.ScriptableRenderContext,UnityEngine.Camera,UnityEngine.Rendering.Universal.UniversalAdditionalCameraData&) (at ./Library/PackageCache/com.unity.render-pipelines.universal@bd2aa618476e/Runtime/UniversalRenderPipeline.cs:690)
UnityEngine.Rendering.Universal.UniversalRenderPipeline:RenderSingleCameraInternal (UnityEngine.Rendering.ScriptableRenderContext,UnityEngine.Camera) (at ./Library/PackageCache/com.unity.render-pipelines.universal@bd2aa618476e/Runtime/UniversalRenderPipeline.cs:665)
UnityEngine.Rendering.Universal.UniversalRenderPipeline:Render (UnityEngine.Rendering.ScriptableRenderContext,System.Collections.Generic.List`1<UnityEngine.Camera>) (at ./Library/PackageCache/com.unity.render-pipelines.universal@bd2aa618476e/Runtime/UniversalRenderPipeline.cs:482)
UnityEngine.Rendering.RenderPipeline:InternalRender (UnityEngine.Rendering.ScriptableRenderContext,System.Collections.Generic.List`1<UnityEngine.Camera>)
UnityEngine.Rendering.RenderPipelineManager:DoRenderLoop_Internal (UnityEngine.Rendering.RenderPipelineAsset,intptr,UnityEngine.Object,Unity.Collections.LowLevel.Unsafe.AtomicSafetyHandle)
UnityEngine.Camera:Render ()
UnityEditor.PreviewRenderUtility:Render (bool,bool)
UnityEditor.MaterialEditor:DoRenderPreview (UnityEditor.PreviewRenderUtility,bool)
UnityEditor.MaterialEditor:RenderStaticPreview (string,UnityEngine.Object[],int,int)
UnityEditor.AssetPreviewUpdater:CreatePreview (UnityEngine.Object,UnityEngine.Object[],string,int,int)
UnityEditor.AssetPreviewUpdater:CreatePreviewForAsset (UnityEngine.Object,UnityEngine.Object[],string)

[./Library/PackageCache/com.unity.render-pipelines.universal@bd2aa618476e/Runtime/UniversalRenderPipeline.cs line 887]

CommandBuffer: temporary render texture  not found while executing  (Copy destination)
UnityEngine.Debug:ExtractStackTraceNoAlloc (byte*,int,string)
UnityEngine.StackTraceUtility:ExtractStackTrace ()
UnityEngine.Rendering.ScriptableRenderContext:Submit ()
UnityEngine.Rendering.Universal.UniversalRenderPipeline:RenderSingleCamera (UnityEngine.Rendering.ScriptableRenderContext,UnityEngine.Rendering.Universal.UniversalCameraData) (at ./Library/PackageCache/com.unity.render-pipelines.universal@bd2aa618476e/Runtime/UniversalRenderPipeline.cs:887)
UnityEngine.Rendering.Universal.UniversalRenderPipeline:RenderSingleCameraInternal (UnityEngine.Rendering.ScriptableRenderContext,UnityEngine.Camera,UnityEngine.Rendering.Universal.UniversalAdditionalCameraData&) (at ./Library/PackageCache/com.unity.render-pipelines.universal@bd2aa618476e/Runtime/UniversalRenderPipeline.cs:690)
UnityEngine.Rendering.Universal.UniversalRenderPipeline:RenderSingleCameraInternal (UnityEngine.Rendering.ScriptableRenderContext,UnityEngine.Camera) (at ./Library/PackageCache/com.unity.render-pipelines.universal@bd2aa618476e/Runtime/UniversalRenderPipeline.cs:665)
UnityEngine.Rendering.Universal.UniversalRenderPipeline:Render (UnityEngine.Rendering.ScriptableRenderContext,System.Collections.Generic.List`1<UnityEngine.Camera>) (at ./Library/PackageCache/com.unity.render-pipelines.universal@bd2aa618476e/Runtime/UniversalRenderPipeline.cs:482)
UnityEngine.Rendering.RenderPipeline:InternalRender (UnityEngine.Rendering.ScriptableRenderContext,System.Collections.Generic.List`1<UnityEngine.Camera>)
UnityEngine.Rendering.RenderPipelineManager:DoRenderLoop_Internal (UnityEngine.Rendering.RenderPipelineAsset,intptr,UnityEngine.Object,Unity.Collections.LowLevel.Unsafe.AtomicSafetyHandle)
UnityEngine.Camera:Render ()
UnityEditor.PreviewRenderUtility:Render (bool,bool)
UnityEditor.MaterialEditor:DoRenderPreview (UnityEditor.PreviewRenderUtility,bool)
UnityEditor.MaterialEditor:RenderStaticPreview (string,UnityEngine.Object[],int,int)
UnityEditor.AssetPreviewUpdater:CreatePreview (UnityEngine.Object,UnityEngine.Object[],string,int,int)
UnityEditor.AssetPreviewUpdater:CreatePreviewForAsset (UnityEngine.Object,UnityEngine.Object[],string)

[./Library/PackageCache/com.unity.render-pipelines.universal@bd2aa618476e/Runtime/UniversalRenderPipeline.cs line 887]

 -> (artifact id: 'd811617947546bb0d870740409be94f4') in 0.205188 seconds
Number of updated asset objects reloaded before import = 0Number of asset objects unloaded after import = 2

========================================================================
Received Import Request.
  Time since last request: 23.082621 seconds.
  path: Assets/Materials And Textures/PavingStones012/PavingStones012_1K-JPG_NormalDX.jpg
  artifactKey: Guid(377c28ab1e9d615449ac333418058d65) Importer(815301076,1909f56bfc062723c751e8b465ee728b)
Start importing Assets/Materials And Textures/PavingStones012/PavingStones012_1K-JPG_NormalDX.jpg using Guid(377c28ab1e9d615449ac333418058d65) Importer(815301076,1909f56bfc062723c751e8b465ee728b) (PreviewImporter) -> (artifact id: '21815441040931e16547a3e3e6bc058b') in 0.0105051 seconds
Number of updated asset objects reloaded before import = 0Number of asset objects unloaded after import = 2

========================================================================
Received Import Request.
  Time since last request: 5.071910 seconds.
  path: Assets/Materials And Textures/PavingStones012/PavingStones012_1K-JPG_NormalGL.jpg
  artifactKey: Guid(58eac101244f44e4ab7c429ab08ed7ec) Importer(815301076,1909f56bfc062723c751e8b465ee728b)
Start importing Assets/Materials And Textures/PavingStones012/PavingStones012_1K-JPG_NormalGL.jpg using Guid(58eac101244f44e4ab7c429ab08ed7ec) Importer(815301076,1909f56bfc062723c751e8b465ee728b) (PreviewImporter) -> (artifact id: '18916877e4014d5dbe3fec4d391a5233') in 0.0103133 seconds
Number of updated asset objects reloaded before import = 0Number of asset objects unloaded after import = 2

========================================================================
Received Import Request.
  Time since last request: 61.916063 seconds.
  path: Assets/Materials And Textures/PavingStones012/Paving Stones 012.mat
  artifactKey: Guid(bf09232bce29b6743af20b56782716c4) Importer(815301076,1909f56bfc062723c751e8b465ee728b)
Start importing Assets/Materials And Textures/PavingStones012/Paving Stones 012.mat using Guid(bf09232bce29b6743af20b56782716c4) Importer(815301076,1909f56bfc062723c751e8b465ee728b) (PreviewImporter) -> (artifact id: 'b27f5de2e6177e2c31ac288eeb4cf7bb') in 0.011399 seconds
Number of updated asset objects reloaded before import = 0Number of asset objects unloaded after import = 6

========================================================================
Received Import Request.
  Time since last request: 62.756788 seconds.
  path: Assets/Materials And Textures/PavingStones105/PavingStones105.png
  artifactKey: Guid(3c114db8cc565ca408f9ec3d6f6b85db) Importer(815301076,1909f56bfc062723c751e8b465ee728b)
Start importing Assets/Materials And Textures/PavingStones105/PavingStones105.png using Guid(3c114db8cc565ca408f9ec3d6f6b85db) Importer(815301076,1909f56bfc062723c751e8b465ee728b) (PreviewImporter) -> (artifact id: '5ca8a3233306e533c18de3b2d14c4fa4') in 0.0074859 seconds
Number of updated asset objects reloaded before import = 0Number of asset objects unloaded after import = 2

========================================================================
Received Import Request.
  Time since last request: 0.000016 seconds.
  path: Assets/Materials And Textures/PavingStones105/PavingStones105_1K-JPG_Color.jpg
  artifactKey: Guid(65f275c15080f5849b70e7e6399daff9) Importer(815301076,1909f56bfc062723c751e8b465ee728b)
Start importing Assets/Materials And Textures/PavingStones105/PavingStones105_1K-JPG_Color.jpg using Guid(65f275c15080f5849b70e7e6399daff9) Importer(815301076,1909f56bfc062723c751e8b465ee728b) (PreviewImporter) -> (artifact id: '57fe03000c35118f9b3623f30c634290') in 0.0055059 seconds
Number of updated asset objects reloaded before import = 0Number of asset objects unloaded after import = 2

========================================================================
Received Import Request.
  Time since last request: 0.000017 seconds.
  path: Assets/Materials And Textures/PavingStones105/PavingStones105_1K-JPG_Displacement.jpg
  artifactKey: Guid(58fda0018ee49584aa962e24bf4fa20e) Importer(815301076,1909f56bfc062723c751e8b465ee728b)
Start importing Assets/Materials And Textures/PavingStones105/PavingStones105_1K-JPG_Displacement.jpg using Guid(58fda0018ee49584aa962e24bf4fa20e) Importer(815301076,1909f56bfc062723c751e8b465ee728b) (PreviewImporter) -> (artifact id: '622e6add233be0572f60649688a950d5') in 0.0139998 seconds
Number of updated asset objects reloaded before import = 0Number of asset objects unloaded after import = 2

========================================================================
Received Import Request.
  Time since last request: 0.000023 seconds.
  path: Assets/Materials And Textures/PavingStones105/PavingStones105_1K-JPG_Roughness.jpg
  artifactKey: Guid(9d15a14b589063b4a886e5285eaeec87) Importer(815301076,1909f56bfc062723c751e8b465ee728b)
Start importing Assets/Materials And Textures/PavingStones105/PavingStones105_1K-JPG_Roughness.jpg using Guid(9d15a14b589063b4a886e5285eaeec87) Importer(815301076,1909f56bfc062723c751e8b465ee728b) (PreviewImporter) -> (artifact id: '58632b0c613268c7fbb9841d80a2bc84') in 0.00584 seconds
Number of updated asset objects reloaded before import = 0Number of asset objects unloaded after import = 2

========================================================================
Received Import Request.
  Time since last request: 16.152072 seconds.
  path: Assets/Materials And Textures/PavingStones105/Paving Stones 105.mat
  artifactKey: Guid(42081483cb860924f903896d4d592745) Importer(815301076,1909f56bfc062723c751e8b465ee728b)
Start importing Assets/Materials And Textures/PavingStones105/Paving Stones 105.mat using Guid(42081483cb860924f903896d4d592745) Importer(815301076,1909f56bfc062723c751e8b465ee728b) (PreviewImporter) -> (artifact id: 'f6b64e81e9d1dd895968f8f471971d13') in 0.0267234 seconds
Number of updated asset objects reloaded before import = 0Number of asset objects unloaded after import = 1

========================================================================
Received Import Request.
  Time since last request: 5.485237 seconds.
  path: Assets/Materials And Textures/PavingStones105/PavingStones105_1K-JPG_NormalDX.jpg
  artifactKey: Guid(73f1eaac86116d44d99d7c1d8edf7730) Importer(815301076,1909f56bfc062723c751e8b465ee728b)
Start importing Assets/Materials And Textures/PavingStones105/PavingStones105_1K-JPG_NormalDX.jpg using Guid(73f1eaac86116d44d99d7c1d8edf7730) Importer(815301076,1909f56bfc062723c751e8b465ee728b) (PreviewImporter) -> (artifact id: '8a5bc04c3432658d4458aa1172329d2d') in 0.0215554 seconds
Number of updated asset objects reloaded before import = 0Number of asset objects unloaded after import = 2

========================================================================
Received Import Request.
  Time since last request: 3.435684 seconds.
  path: Assets/Materials And Textures/PavingStones105/PavingStones105_1K-JPG_NormalGL.jpg
  artifactKey: Guid(9c113692ac54e23479c8319ff6116379) Importer(815301076,1909f56bfc062723c751e8b465ee728b)
Start importing Assets/Materials And Textures/PavingStones105/PavingStones105_1K-JPG_NormalGL.jpg using Guid(9c113692ac54e23479c8319ff6116379) Importer(815301076,1909f56bfc062723c751e8b465ee728b) (PreviewImporter) -> (artifact id: 'f2d0be82c7074b0dc400141e90448413') in 0.0060024 seconds
Number of updated asset objects reloaded before import = 0Number of asset objects unloaded after import = 2

========================================================================
Received Import Request.
  Time since last request: 40.178579 seconds.
  path: Assets/Materials And Textures/Tiles132A/Tiles132A.png
  artifactKey: Guid(e701fc33d995d5141ba7addf1eb79196) Importer(815301076,1909f56bfc062723c751e8b465ee728b)
Start importing Assets/Materials And Textures/Tiles132A/Tiles132A.png using Guid(e701fc33d995d5141ba7addf1eb79196) Importer(815301076,1909f56bfc062723c751e8b465ee728b) (PreviewImporter) -> (artifact id: 'd7c55428a70271b3ccb41a8f00b09630') in 0.0075887 seconds
Number of updated asset objects reloaded before import = 0Number of asset objects unloaded after import = 2

========================================================================
Received Import Request.
  Time since last request: 0.000019 seconds.
  path: Assets/Materials And Textures/Tiles132A/Tiles132A_1K-JPG_Displacement.jpg
  artifactKey: Guid(8fb349772a2a101419149e37bcbe280f) Importer(815301076,1909f56bfc062723c751e8b465ee728b)
Start importing Assets/Materials And Textures/Tiles132A/Tiles132A_1K-JPG_Displacement.jpg using Guid(8fb349772a2a101419149e37bcbe280f) Importer(815301076,1909f56bfc062723c751e8b465ee728b) (PreviewImporter) -> (artifact id: 'a8f68c2b91bb8e130f17f1342e6100df') in 0.005226 seconds
Number of updated asset objects reloaded before import = 0Number of asset objects unloaded after import = 2

========================================================================
Received Import Request.
  Time since last request: 0.000018 seconds.
  path: Assets/Materials And Textures/Tiles132A/Tiles132A_1K-JPG_Color.jpg
  artifactKey: Guid(53e7449889bdea54ebe672ac2a357645) Importer(815301076,1909f56bfc062723c751e8b465ee728b)
Start importing Assets/Materials And Textures/Tiles132A/Tiles132A_1K-JPG_Color.jpg using Guid(53e7449889bdea54ebe672ac2a357645) Importer(815301076,1909f56bfc062723c751e8b465ee728b) (PreviewImporter) -> (artifact id: '9b1aef5f9b9516b60028625a220bd7e7') in 0.0057894 seconds
Number of updated asset objects reloaded before import = 0Number of asset objects unloaded after import = 2

========================================================================
Received Import Request.
  Time since last request: 0.000024 seconds.
  path: Assets/Materials And Textures/Tiles132A/Tiles132A_1K-JPG_Roughness.jpg
  artifactKey: Guid(3e74258367c96844e89aba4c60194cfa) Importer(815301076,1909f56bfc062723c751e8b465ee728b)
Start importing Assets/Materials And Textures/Tiles132A/Tiles132A_1K-JPG_Roughness.jpg using Guid(3e74258367c96844e89aba4c60194cfa) Importer(815301076,1909f56bfc062723c751e8b465ee728b) (PreviewImporter) -> (artifact id: 'ff602b8542485a59d0018f44e5c4ed2e') in 0.0053328 seconds
Number of updated asset objects reloaded before import = 0Number of asset objects unloaded after import = 2

========================================================================
Received Import Request.
  Time since last request: 6.856125 seconds.
  path: Assets/Materials And Textures/Tiles132A/New Folder
  artifactKey: Guid(c9943a83fc81864489c0eb901cb2baf9) Importer(815301076,1909f56bfc062723c751e8b465ee728b)
Start importing Assets/Materials And Textures/Tiles132A/New Folder using Guid(c9943a83fc81864489c0eb901cb2baf9) Importer(815301076,1909f56bfc062723c751e8b465ee728b) (PreviewImporter) -> (artifact id: 'c9013aff9d62a2379a3c24d293486561') in 0.000544 seconds
Number of updated asset objects reloaded before import = 0Number of asset objects unloaded after import = 0

========================================================================
Received Import Request.
  Time since last request: 19.814139 seconds.
  path: Assets/Materials And Textures/Tiles132A/Tiles 132A.mat
  artifactKey: Guid(cf4060d80e8f97f42885dd33bb568822) Importer(815301076,1909f56bfc062723c751e8b465ee728b)
Start importing Assets/Materials And Textures/Tiles132A/Tiles 132A.mat using Guid(cf4060d80e8f97f42885dd33bb568822) Importer(815301076,1909f56bfc062723c751e8b465ee728b) (PreviewImporter) -> (artifact id: 'b3580c10b8db83e35f7ab38c986b434e') in 0.0462594 seconds
Number of updated asset objects reloaded before import = 0Number of asset objects unloaded after import = 1

========================================================================
Received Import Request.
  Time since last request: 5.756380 seconds.
  path: Assets/Materials And Textures/Tiles132A/Tiles132A_1K-JPG_NormalDX.jpg
  artifactKey: Guid(f5e5fac43151f95468236cc1f507edef) Importer(815301076,1909f56bfc062723c751e8b465ee728b)
Start importing Assets/Materials And Textures/Tiles132A/Tiles132A_1K-JPG_NormalDX.jpg using Guid(f5e5fac43151f95468236cc1f507edef) Importer(815301076,1909f56bfc062723c751e8b465ee728b) (PreviewImporter) -> (artifact id: '2c2020cd4567255820a99797d807091a') in 0.0062416 seconds
Number of updated asset objects reloaded before import = 0Number of asset objects unloaded after import = 2

========================================================================
Received Import Request.
  Time since last request: 3.469206 seconds.
  path: Assets/Materials And Textures/Tiles132A/Tiles132A_1K-JPG_NormalGL.jpg
  artifactKey: Guid(381ae19ea6cc20542abeded0ebfffcc1) Importer(815301076,1909f56bfc062723c751e8b465ee728b)
Start importing Assets/Materials And Textures/Tiles132A/Tiles132A_1K-JPG_NormalGL.jpg using Guid(381ae19ea6cc20542abeded0ebfffcc1) Importer(815301076,1909f56bfc062723c751e8b465ee728b) (PreviewImporter) -> (artifact id: '1d7760ecb48bb6606ac05f2215522ea1') in 0.0058589 seconds
Number of updated asset objects reloaded before import = 0Number of asset objects unloaded after import = 2

========================================================================
Received Import Request.
  Time since last request: 58.689303 seconds.
  path: Assets/Materials And Textures/PavingStones071/Paving Stones 071.mat
  artifactKey: Guid(eb06e77e59f80254d9260a8ebfa3cfda) Importer(815301076,1909f56bfc062723c751e8b465ee728b)
Start importing Assets/Materials And Textures/PavingStones071/Paving Stones 071.mat using Guid(eb06e77e59f80254d9260a8ebfa3cfda) Importer(815301076,1909f56bfc062723c751e8b465ee728b) (PreviewImporter) -> (artifact id: '6dee33a854c669fa20890bc0dd793771') in 0.0127586 seconds
Number of updated asset objects reloaded before import = 0Number of asset objects unloaded after import = 6

========================================================================
Received Import Request.
  Time since last request: 0.000019 seconds.
  path: Assets/Materials And Textures/PavingStones071/PavingStones071_1K-JPG_Displacement.jpg
  artifactKey: Guid(d89717d8303ccc840a02678ecdb49306) Importer(815301076,1909f56bfc062723c751e8b465ee728b)
Start importing Assets/Materials And Textures/PavingStones071/PavingStones071_1K-JPG_Displacement.jpg using Guid(d89717d8303ccc840a02678ecdb49306) Importer(815301076,1909f56bfc062723c751e8b465ee728b) (PreviewImporter) -> (artifact id: 'c293c9c953cbb580ef89215bb6bceea1') in 0.0168777 seconds
Number of updated asset objects reloaded before import = 0Number of asset objects unloaded after import = 2

========================================================================
Received Import Request.
  Time since last request: 0.000115 seconds.
  path: Assets/Materials And Textures/PavingStones071/PavingStones071_1K-JPG_NormalGL.jpg
  artifactKey: Guid(33ee0fffde719954ca333200cc3c4280) Importer(815301076,1909f56bfc062723c751e8b465ee728b)
Start importing Assets/Materials And Textures/PavingStones071/PavingStones071_1K-JPG_NormalGL.jpg using Guid(33ee0fffde719954ca333200cc3c4280) Importer(815301076,1909f56bfc062723c751e8b465ee728b) (PreviewImporter) -> (artifact id: '34313263fc2a8c7b03a5235f80957a97') in 0.0297543 seconds
Number of updated asset objects reloaded before import = 0Number of asset objects unloaded after import = 2

========================================================================
Received Import Request.
  Time since last request: 0.000015 seconds.
  path: Assets/Materials And Textures/PavingStones071/PavingStones071_1K-JPG_AmbientOcclusion.jpg
  artifactKey: Guid(d750892da38a68443ba49362ffdafe0b) Importer(815301076,1909f56bfc062723c751e8b465ee728b)
Start importing Assets/Materials And Textures/PavingStones071/PavingStones071_1K-JPG_AmbientOcclusion.jpg using Guid(d750892da38a68443ba49362ffdafe0b) Importer(815301076,1909f56bfc062723c751e8b465ee728b) (PreviewImporter) -> (artifact id: 'c48c2178a4bbb631960efc6cda3c7855') in 0.0454397 seconds
Number of updated asset objects reloaded before import = 0Number of asset objects unloaded after import = 2

========================================================================
Received Import Request.
  Time since last request: 0.000015 seconds.
  path: Assets/Materials And Textures/PavingStones071/PavingStones071_1K-JPG_Roughness.jpg
  artifactKey: Guid(9cd68d2bd0791384b9a396f624b6ead4) Importer(815301076,1909f56bfc062723c751e8b465ee728b)
Start importing Assets/Materials And Textures/PavingStones071/PavingStones071_1K-JPG_Roughness.jpg using Guid(9cd68d2bd0791384b9a396f624b6ead4) Importer(815301076,1909f56bfc062723c751e8b465ee728b) (PreviewImporter) -> (artifact id: 'c17baa2bd8f805afad833cdf4dc4e065') in 0.0105723 seconds
Number of updated asset objects reloaded before import = 0Number of asset objects unloaded after import = 2

========================================================================
Received Import Request.
  Time since last request: 12.129569 seconds.
  path: Assets/Materials And Textures/PavingStones031/Paving Stones 031.mat
  artifactKey: Guid(d6430e7577bf93a478d2745480727d5e) Importer(815301076,1909f56bfc062723c751e8b465ee728b)
Start importing Assets/Materials And Textures/PavingStones031/Paving Stones 031.mat using Guid(d6430e7577bf93a478d2745480727d5e) Importer(815301076,1909f56bfc062723c751e8b465ee728b) (PreviewImporter) -> (artifact id: '5e71f01e8f446e464e599308b5af1d0e') in 0.0090521 seconds
Number of updated asset objects reloaded before import = 0Number of asset objects unloaded after import = 6

========================================================================
Received Import Request.
  Time since last request: 0.000016 seconds.
  path: Assets/Materials And Textures/PavingStones031/PavingStones031_1K-JPG_Roughness.jpg
  artifactKey: Guid(4c61fbb1ceec866488337e182a2315ca) Importer(815301076,1909f56bfc062723c751e8b465ee728b)
Start importing Assets/Materials And Textures/PavingStones031/PavingStones031_1K-JPG_Roughness.jpg using Guid(4c61fbb1ceec866488337e182a2315ca) Importer(815301076,1909f56bfc062723c751e8b465ee728b) (PreviewImporter) -> (artifact id: 'a5fb997196454f7e34856fdd3d8cc683') in 0.0064642 seconds
Number of updated asset objects reloaded before import = 0Number of asset objects unloaded after import = 2

========================================================================
Received Import Request.
  Time since last request: 0.000015 seconds.
  path: Assets/Materials And Textures/PavingStones031/PavingStones031_1K-JPG_NormalDX.jpg
  artifactKey: Guid(bec53c0c8d54d6e428aab726ac314cee) Importer(815301076,1909f56bfc062723c751e8b465ee728b)
Start importing Assets/Materials And Textures/PavingStones031/PavingStones031_1K-JPG_NormalDX.jpg using Guid(bec53c0c8d54d6e428aab726ac314cee) Importer(815301076,1909f56bfc062723c751e8b465ee728b) (PreviewImporter) -> (artifact id: '57caad7ff0dd3fda1be988c8e82e944f') in 0.0060329 seconds
Number of updated asset objects reloaded before import = 0Number of asset objects unloaded after import = 2

========================================================================
Received Import Request.
  Time since last request: 12.929893 seconds.
  path: Assets/Materials And Textures/PavingStones105/Paving Stones 105.mat
  artifactKey: Guid(42081483cb860924f903896d4d592745) Importer(815301076,1909f56bfc062723c751e8b465ee728b)
Start importing Assets/Materials And Textures/PavingStones105/Paving Stones 105.mat using Guid(42081483cb860924f903896d4d592745) Importer(815301076,1909f56bfc062723c751e8b465ee728b) (PreviewImporter) -> (artifact id: '876a0da5652485f8c549e9b68dd32a34') in 0.0117576 seconds
Number of updated asset objects reloaded before import = 0Number of asset objects unloaded after import = 6

========================================================================
Received Import Request.
  Time since last request: 981.203807 seconds.
  path: Assets/Materials And Textures/Tiles132A/Tiles 132A.mat
  artifactKey: Guid(cf4060d80e8f97f42885dd33bb568822) Importer(815301076,1909f56bfc062723c751e8b465ee728b)
Start importing Assets/Materials And Textures/Tiles132A/Tiles 132A.mat using Guid(cf4060d80e8f97f42885dd33bb568822) Importer(815301076,1909f56bfc062723c751e8b465ee728b) (PreviewImporter) -> (artifact id: '5da35d14baf7ffde4c2c2b140edd90ef') in 0.0119909 seconds
Number of updated asset objects reloaded before import = 0Number of asset objects unloaded after import = 6

========================================================================
Received Prepare
Begin MonoManager ReloadAssembly
- Loaded All Assemblies, in  0.486 seconds
Refreshing native plugins compatible for Editor in 0.72 ms, found 3 plugins.
Native extension for UWP target not found
Native extension for WindowsStandalone target not found
Native extension for WebGL target not found
The project currently uses the compatibility mode where the Render Graph API is disabled. Support for this mode will be removed in future Unity versions. Migrate existing ScriptableRenderPasses to the new RenderGraph API. After the migration, disable the compatibility mode in Edit > Projects Settings > Graphics > Render Graph.
UnityEngine.Debug:ExtractStackTraceNoAlloc (byte*,int,string)
UnityEngine.StackTraceUtility:ExtractStackTrace ()
UnityEngine.DebugLogHandler:Internal_Log (UnityEngine.LogType,UnityEngine.LogOption,string,UnityEngine.Object)
UnityEngine.DebugLogHandler:LogFormat (UnityEngine.LogType,UnityEngine.Object,string,object[])
UnityEngine.Logger:Log (UnityEngine.LogType,object)
UnityEngine.Debug:LogWarning (object)
UnityEngine.Rendering.Universal.WarnUsingNonRenderGraph:EmitConsoleWarning () (at ./Library/PackageCache/com.unity.render-pipelines.universal@bd2aa618476e/Runtime/Data/UniversalRenderPipelineAsset.cs:427)
System.Reflection.RuntimeMethodInfo:Invoke (object,System.Reflection.BindingFlags,System.Reflection.Binder,object[],System.Globalization.CultureInfo)
System.Reflection.MethodBase:Invoke (object,object[])
UnityEditor.EditorAssemblies:ProcessInitializeOnLoadMethodAttributes ()

(Filename: ./Library/PackageCache/com.unity.render-pipelines.universal@bd2aa618476e/Runtime/Data/UniversalRenderPipelineAsset.cs Line: 427)

[MODES] ModeService[none].Initialize
[MODES] ModeService[none].LoadModes
Mono: successfully reloaded assembly
- Finished resetting the current domain, in  0.498 seconds
Domain Reload Profiling: 982ms
	BeginReloadAssembly (146ms)
		ExecutionOrderSort (0ms)
		DisableScriptedObjects (9ms)
		BackupInstance (0ms)
		ReleaseScriptingObjects (0ms)
		CreateAndSetChildDomain (39ms)
	RebuildCommonClasses (22ms)
	RebuildNativeTypeToScriptingClass (8ms)
	initialDomainReloadingComplete (20ms)
	LoadAllAssembliesAndSetupDomain (288ms)
		LoadAssemblies (246ms)
		RebuildTransferFunctionScriptingTraits (0ms)
		AnalyzeDomain (105ms)
			TypeCache.Refresh (5ms)
				TypeCache.ScanAssembly (0ms)
			BuildScriptInfoCaches (91ms)
			ResolveRequiredComponents (6ms)
	FinalizeReload (498ms)
		ReleaseScriptCaches (0ms)
		RebuildScriptCaches (0ms)
		SetupLoadedEditorAssemblies (364ms)
			LogAssemblyErrors (0ms)
			InitializePlatformSupportModulesInManaged (9ms)
			SetLoadedEditorAssemblies (4ms)
			BeforeProcessingInitializeOnLoad (77ms)
			ProcessInitializeOnLoadAttributes (197ms)
			ProcessInitializeOnLoadMethodAttributes (70ms)
			AfterProcessingInitializeOnLoad (7ms)
			EditorAssembliesLoaded (0ms)
		ExecutionOrderSort2 (0ms)
		AwakeInstancesAfterBackupRestoration (11ms)
Refreshing native plugins compatible for Editor in 1.13 ms, found 3 plugins.
Preloading 0 native plugins for Editor in 0.00 ms.
Unloading 23 Unused Serialized files (Serialized files now loaded: 0)
Unloading 5880 unused Assets / (3.4 MB). Loaded Objects now: 6685.
Memory consumption went from 158.2 MB to 154.8 MB.
Total: 6.773100 ms (FindLiveObjects: 0.469000 ms CreateObjectMapping: 0.365300 ms MarkObjects: 4.272600 ms  DeleteObjects: 1.665200 ms)

Prepare: number of updated asset objects reloaded= 0
========================================================================
Received Prepare
Begin MonoManager ReloadAssembly
- Loaded All Assemblies, in  0.490 seconds
Refreshing native plugins compatible for Editor in 0.77 ms, found 3 plugins.
Native extension for UWP target not found
Native extension for WindowsStandalone target not found
Native extension for WebGL target not found
The project currently uses the compatibility mode where the Render Graph API is disabled. Support for this mode will be removed in future Unity versions. Migrate existing ScriptableRenderPasses to the new RenderGraph API. After the migration, disable the compatibility mode in Edit > Projects Settings > Graphics > Render Graph.
UnityEngine.Debug:ExtractStackTraceNoAlloc (byte*,int,string)
UnityEngine.StackTraceUtility:ExtractStackTrace ()
UnityEngine.DebugLogHandler:Internal_Log (UnityEngine.LogType,UnityEngine.LogOption,string,UnityEngine.Object)
UnityEngine.DebugLogHandler:LogFormat (UnityEngine.LogType,UnityEngine.Object,string,object[])
UnityEngine.Logger:Log (UnityEngine.LogType,object)
UnityEngine.Debug:LogWarning (object)
UnityEngine.Rendering.Universal.WarnUsingNonRenderGraph:EmitConsoleWarning () (at ./Library/PackageCache/com.unity.render-pipelines.universal@bd2aa618476e/Runtime/Data/UniversalRenderPipelineAsset.cs:427)
System.Reflection.RuntimeMethodInfo:Invoke (object,System.Reflection.BindingFlags,System.Reflection.Binder,object[],System.Globalization.CultureInfo)
System.Reflection.MethodBase:Invoke (object,object[])
UnityEditor.EditorAssemblies:ProcessInitializeOnLoadMethodAttributes ()

(Filename: ./Library/PackageCache/com.unity.render-pipelines.universal@bd2aa618476e/Runtime/Data/UniversalRenderPipelineAsset.cs Line: 427)

[MODES] ModeService[none].Initialize
[MODES] ModeService[none].LoadModes
Mono: successfully reloaded assembly
- Finished resetting the current domain, in  0.492 seconds
Domain Reload Profiling: 980ms
	BeginReloadAssembly (134ms)
		ExecutionOrderSort (0ms)
		DisableScriptedObjects (4ms)
		BackupInstance (0ms)
		ReleaseScriptingObjects (0ms)
		CreateAndSetChildDomain (31ms)
	RebuildCommonClasses (22ms)
	RebuildNativeTypeToScriptingClass (9ms)
	initialDomainReloadingComplete (21ms)
	LoadAllAssembliesAndSetupDomain (301ms)
		LoadAssemblies (254ms)
		RebuildTransferFunctionScriptingTraits (0ms)
		AnalyzeDomain (111ms)
			TypeCache.Refresh (5ms)
				TypeCache.ScanAssembly (0ms)
			BuildScriptInfoCaches (96ms)
			ResolveRequiredComponents (7ms)
	FinalizeReload (493ms)
		ReleaseScriptCaches (0ms)
		RebuildScriptCaches (0ms)
		SetupLoadedEditorAssemblies (364ms)
			LogAssemblyErrors (0ms)
			InitializePlatformSupportModulesInManaged (10ms)
			SetLoadedEditorAssemblies (3ms)
			BeforeProcessingInitializeOnLoad (75ms)
			ProcessInitializeOnLoadAttributes (200ms)
			ProcessInitializeOnLoadMethodAttributes (69ms)
			AfterProcessingInitializeOnLoad (7ms)
			EditorAssembliesLoaded (0ms)
		ExecutionOrderSort2 (0ms)
		AwakeInstancesAfterBackupRestoration (10ms)
Refreshing native plugins compatible for Editor in 1.67 ms, found 3 plugins.
Preloading 0 native plugins for Editor in 0.00 ms.
Unloading 14 Unused Serialized files (Serialized files now loaded: 0)
Unloading 5878 unused Assets / (4.0 MB). Loaded Objects now: 6687.
Memory consumption went from 156.5 MB to 152.5 MB.
Total: 6.345200 ms (FindLiveObjects: 0.565500 ms CreateObjectMapping: 0.261300 ms MarkObjects: 4.084600 ms  DeleteObjects: 1.432600 ms)

Prepare: number of updated asset objects reloaded= 0
