Using pre-set license
Built from '6000.0/staging' branch; Version is '6000.0.40f1 (157d81624ddf) revision 1408385'; Using compiler version '193933523'; Build Type 'Release'
OS: 'Windows 11  (10.0.22631) 64bit Core' Language: 'en' Physical Memory: 16010 MB
BatchMode: 1, IsHumanControllingUs: 0, StartBugReporterOnCrash: 0, Is64bit: 1, IsPro: 1

COMMAND LINE ARGUMENTS:
C:\Program Files\Unity\Hub\Editor\6000.0.40f1\Editor\Unity.exe
-adb2
-batchMode
-noUpm
-name
AssetImportWorker2
-projectPath
C:/Users/cgoet/Documents/GitHub/IGB101-Assessment-3/IGB101 Project
-logFile
Logs/AssetImportWorker2.log
-srvPort
62051
-job-worker-count
9
-background-job-worker-count
8
-gc-helper-count
1
Successfully changed project path to: C:/Users/cgoet/Documents/GitHub/IGB101-Assessment-3/IGB101 Project
C:/Users/cgoet/Documents/GitHub/IGB101-Assessment-3/IGB101 Project
[UnityMemory] Configuration Parameters - Can be set up in boot.config
    "memorysetup-bucket-allocator-granularity=16"
    "memorysetup-bucket-allocator-bucket-count=8"
    "memorysetup-bucket-allocator-block-size=33554432"
    "memorysetup-bucket-allocator-block-count=8"
    "memorysetup-main-allocator-block-size=16777216"
    "memorysetup-thread-allocator-block-size=16777216"
    "memorysetup-gfx-main-allocator-block-size=16777216"
    "memorysetup-gfx-thread-allocator-block-size=16777216"
    "memorysetup-cache-allocator-block-size=4194304"
    "memorysetup-typetree-allocator-block-size=2097152"
    "memorysetup-profiler-bucket-allocator-granularity=16"
    "memorysetup-profiler-bucket-allocator-bucket-count=8"
    "memorysetup-profiler-bucket-allocator-block-size=33554432"
    "memorysetup-profiler-bucket-allocator-block-count=8"
    "memorysetup-profiler-allocator-block-size=16777216"
    "memorysetup-profiler-editor-allocator-block-size=1048576"
    "memorysetup-temp-allocator-size-main=16777216"
    "memorysetup-job-temp-allocator-block-size=2097152"
    "memorysetup-job-temp-allocator-block-size-background=1048576"
    "memorysetup-job-temp-allocator-reduction-small-platforms=262144"
    "memorysetup-allocator-temp-initial-block-size-main=262144"
    "memorysetup-allocator-temp-initial-block-size-worker=262144"
    "memorysetup-temp-allocator-size-background-worker=32768"
    "memorysetup-temp-allocator-size-job-worker=262144"
    "memorysetup-temp-allocator-size-preload-manager=33554432"
    "memorysetup-temp-allocator-size-nav-mesh-worker=65536"
    "memorysetup-temp-allocator-size-audio-worker=65536"
    "memorysetup-temp-allocator-size-cloud-worker=32768"
    "memorysetup-temp-allocator-size-gi-baking-worker=262144"
    "memorysetup-temp-allocator-size-gi-baking-worker=262144"
    "memorysetup-temp-allocator-size-gi-baking-worker=262144"
    "memorysetup-temp-allocator-size-gi-baking-worker=262144"
    "memorysetup-temp-allocator-size-gi-baking-worker=262144"
    "memorysetup-temp-allocator-size-gfx=262144"
Player connection [7412]  Target information:

Player connection [7412]  * "[IP] 10.88.54.239 [Port] 0 [Flags] 2 [Guid] 2146743698 [EditorId] 2146743698 [Version] 1048832 [Id] WindowsEditor(7,Tychondrius) [Debug] 1 [PackageName] WindowsEditor [ProjectName] Editor" 

Player connection [7412] Host joined multi-casting on [225.0.0.222:54997]...
Player connection [7412] Host joined alternative multi-casting on [225.0.0.222:34997]...
JobSystem: Creating JobQueue using job-worker-count value 9
Input System module state changed to: Initialized.
[Physics::Module] Initialized fallback backend.
[Physics::Module] Id: 0xdecafbad
Library Redirect Path: Library/
[Physics::Module] Selected backend.
[Physics::Module] Name: PhysX
[Physics::Module] Id: 0xf2b8ea05
[Physics::Module] SDK Version: 4.1.2
[Physics::Module] Integration Version: 1.0.0
[Physics::Module] Threading Mode: Multi-Threaded
Refreshing native plugins compatible for Editor in 5.39 ms, found 3 plugins.
Preloading 0 native plugins for Editor in 0.00 ms.
Initialize engine version: 6000.0.40f1 (157d81624ddf)
[Subsystems] Discovering subsystems at path C:/Program Files/Unity/Hub/Editor/6000.0.40f1/Editor/Data/Resources/UnitySubsystems
[Subsystems] Discovering subsystems at path C:/Users/cgoet/Documents/GitHub/IGB101-Assessment-3/IGB101 Project/Assets
GfxDevice: creating device client; kGfxThreadingModeNonThreaded
Direct3D:
    Version:  Direct3D 11.0 [level 11.1]
    Renderer: NVIDIA GeForce RTX 4060 Laptop GPU (ID=0x28e0)
    Vendor:   NVIDIA
    VRAM:     7957 MB
    Driver:   32.0.15.7640
Initialize mono
Mono path[0] = 'C:/Program Files/Unity/Hub/Editor/6000.0.40f1/Editor/Data/Managed'
Mono path[1] = 'C:/Program Files/Unity/Hub/Editor/6000.0.40f1/Editor/Data/MonoBleedingEdge/lib/mono/unityjit-win32'
Mono config path = 'C:/Program Files/Unity/Hub/Editor/6000.0.40f1/Editor/Data/MonoBleedingEdge/etc'
Using monoOptions --debugger-agent=transport=dt_socket,embedding=1,server=y,suspend=n,address=127.0.0.1:56600
Begin MonoManager ReloadAssembly
Registering precompiled unity dll's ...
Register platform support module: C:/Program Files/Unity/Hub/Editor/6000.0.40f1/Editor/Data/PlaybackEngines/WindowsStandaloneSupport/UnityEditor.WindowsStandalone.Extensions.dll
Registered in 0.002473 seconds.
- Loaded All Assemblies, in  0.488 seconds
Native extension for WindowsStandalone target not found
Mono: successfully reloaded assembly
- Finished resetting the current domain, in  0.288 seconds
Domain Reload Profiling: 775ms
	BeginReloadAssembly (254ms)
		ExecutionOrderSort (0ms)
		DisableScriptedObjects (0ms)
		BackupInstance (0ms)
		ReleaseScriptingObjects (0ms)
		CreateAndSetChildDomain (1ms)
	RebuildCommonClasses (34ms)
	RebuildNativeTypeToScriptingClass (14ms)
	initialDomainReloadingComplete (48ms)
	LoadAllAssembliesAndSetupDomain (137ms)
		LoadAssemblies (248ms)
		RebuildTransferFunctionScriptingTraits (0ms)
		AnalyzeDomain (134ms)
			TypeCache.Refresh (133ms)
				TypeCache.ScanAssembly (121ms)
			BuildScriptInfoCaches (0ms)
			ResolveRequiredComponents (1ms)
	FinalizeReload (288ms)
		ReleaseScriptCaches (0ms)
		RebuildScriptCaches (0ms)
		SetupLoadedEditorAssemblies (244ms)
			LogAssemblyErrors (0ms)
			InitializePlatformSupportModulesInManaged (26ms)
			SetLoadedEditorAssemblies (4ms)
			BeforeProcessingInitializeOnLoad (46ms)
			ProcessInitializeOnLoadAttributes (126ms)
			ProcessInitializeOnLoadMethodAttributes (42ms)
			AfterProcessingInitializeOnLoad (0ms)
			EditorAssembliesLoaded (0ms)
		ExecutionOrderSort2 (0ms)
		AwakeInstancesAfterBackupRestoration (0ms)
========================================================================
Worker process is ready to serve import requests
Import Worker Mode flag is 0x00
Begin MonoManager ReloadAssembly
- Loaded All Assemblies, in  0.845 seconds
Refreshing native plugins compatible for Editor in 0.39 ms, found 3 plugins.
Native extension for WindowsStandalone target not found
[MODES] ModeService[none].Initialize
[MODES] ModeService[none].LoadModes
[MODES] Loading mode Default (0) for mode-current-id-IGB101 Project
Mono: successfully reloaded assembly
- Finished resetting the current domain, in  0.896 seconds
Domain Reload Profiling: 1729ms
	BeginReloadAssembly (152ms)
		ExecutionOrderSort (0ms)
		DisableScriptedObjects (4ms)
		BackupInstance (0ms)
		ReleaseScriptingObjects (0ms)
		CreateAndSetChildDomain (24ms)
	RebuildCommonClasses (33ms)
	RebuildNativeTypeToScriptingClass (11ms)
	initialDomainReloadingComplete (40ms)
	LoadAllAssembliesAndSetupDomain (597ms)
		LoadAssemblies (463ms)
		RebuildTransferFunctionScriptingTraits (0ms)
		AnalyzeDomain (231ms)
			TypeCache.Refresh (168ms)
				TypeCache.ScanAssembly (155ms)
			BuildScriptInfoCaches (51ms)
			ResolveRequiredComponents (10ms)
	FinalizeReload (897ms)
		ReleaseScriptCaches (0ms)
		RebuildScriptCaches (0ms)
		SetupLoadedEditorAssemblies (711ms)
			LogAssemblyErrors (0ms)
			InitializePlatformSupportModulesInManaged (2ms)
			SetLoadedEditorAssemblies (5ms)
			BeforeProcessingInitializeOnLoad (152ms)
			ProcessInitializeOnLoadAttributes (425ms)
			ProcessInitializeOnLoadMethodAttributes (123ms)
			AfterProcessingInitializeOnLoad (3ms)
			EditorAssembliesLoaded (0ms)
		ExecutionOrderSort2 (0ms)
		AwakeInstancesAfterBackupRestoration (5ms)
Launched and connected shader compiler UnityShaderCompiler.exe after 0.01 seconds
Refreshing native plugins compatible for Editor in 1.01 ms, found 3 plugins.
Preloading 0 native plugins for Editor in 0.00 ms.
Unloading 217 Unused Serialized files (Serialized files now loaded: 0)
Unloading 5892 unused Assets / (3.9 MB). Loaded Objects now: 6597.
Memory consumption went from 169.7 MB to 165.8 MB.
Total: 9.558500 ms (FindLiveObjects: 0.642000 ms CreateObjectMapping: 0.454600 ms MarkObjects: 6.197300 ms  DeleteObjects: 2.263800 ms)

========================================================================
Received Prepare
Refreshing native plugins compatible for Editor in 0.79 ms, found 3 plugins.
Preloading 0 native plugins for Editor in 0.00 ms.
Unloading 14 Unused Serialized files (Serialized files now loaded: 0)
Unloading 5884 unused Assets / (4.3 MB). Loaded Objects now: 6597.
Memory consumption went from 134.7 MB to 130.5 MB.
Total: 9.847700 ms (FindLiveObjects: 0.558800 ms CreateObjectMapping: 0.524100 ms MarkObjects: 6.159300 ms  DeleteObjects: 2.603600 ms)

Prepare: number of updated asset objects reloaded= 0
========================================================================
Received Import Request.
  Time since last request: 172075.054337 seconds.
  path: Assets/Coen/Scripts/CameraMovement.cs
  artifactKey: Guid(690c7335f362a30448f4193a0404b387) Importer(815301076,1909f56bfc062723c751e8b465ee728b)
Start importing Assets/Coen/Scripts/CameraMovement.cs using Guid(690c7335f362a30448f4193a0404b387) Importer(815301076,1909f56bfc062723c751e8b465ee728b) (PreviewImporter) -> (artifact id: 'ec5695caa253817d16878cd36b39c192') in 0.0303565 seconds
Number of updated asset objects reloaded before import = 0Number of asset objects unloaded after import = 0

========================================================================
Received Import Request.
  Time since last request: 7.784728 seconds.
  path: Assets/Coen/Scenes/A3-Scene.unity
  artifactKey: Guid(5be3b9d57ad79434a9a0b5d60466aeca) Importer(815301076,1909f56bfc062723c751e8b465ee728b)
Start importing Assets/Coen/Scenes/A3-Scene.unity using Guid(5be3b9d57ad79434a9a0b5d60466aeca) Importer(815301076,1909f56bfc062723c751e8b465ee728b) (PreviewImporter) -> (artifact id: 'a98697f0726980231db387dee70d3201') in 0.0011534 seconds
Number of updated asset objects reloaded before import = 0Number of asset objects unloaded after import = 0

========================================================================
Received Import Request.
  Time since last request: 24.850017 seconds.
  path: Assets/Lucas/Third Person Controller/Player.prefab
  artifactKey: Guid(b001cb61a0b189d4394e77fcb27043d8) Importer(815301076,1909f56bfc062723c751e8b465ee728b)
Start importing Assets/Lucas/Third Person Controller/Player.prefab using Guid(b001cb61a0b189d4394e77fcb27043d8) Importer(815301076,1909f56bfc062723c751e8b465ee728b) (PreviewImporter) -> (artifact id: '84a8c2b25d22999ed4b802d293160a0e') in 1.0711604 seconds
Number of updated asset objects reloaded before import = 0Number of asset objects unloaded after import = 114

========================================================================
Received Import Request.
  Time since last request: 10.476498 seconds.
  path: Assets/Coen/Scripts
  artifactKey: Guid(354c4f9f2a98ffc479c59186a3ea171f) Importer(815301076,1909f56bfc062723c751e8b465ee728b)
Start importing Assets/Coen/Scripts using Guid(354c4f9f2a98ffc479c59186a3ea171f) Importer(815301076,1909f56bfc062723c751e8b465ee728b) (PreviewImporter) -> (artifact id: '4def40d381b825f982cf5e0fc0507b9e') in 0.0007331 seconds
Number of updated asset objects reloaded before import = 0Number of asset objects unloaded after import = 0

========================================================================
Received Import Request.
  Time since last request: 1.686571 seconds.
  path: Assets/Coen/Scripts/Coen_LevelSwitch.cs
  artifactKey: Guid(eb0cd708c5cf3f84d8e1bd998ef41d33) Importer(815301076,1909f56bfc062723c751e8b465ee728b)
Start importing Assets/Coen/Scripts/Coen_LevelSwitch.cs using Guid(eb0cd708c5cf3f84d8e1bd998ef41d33) Importer(815301076,1909f56bfc062723c751e8b465ee728b) (PreviewImporter) -> (artifact id: '16e4cf251d2921da95a0c106b4e2df97') in 0.0005124 seconds
Number of updated asset objects reloaded before import = 0Number of asset objects unloaded after import = 0

========================================================================
Received Import Request.
  Time since last request: 0.606773 seconds.
  path: Assets/Coen/Scripts/Coen_PlayerMovement.cs
  artifactKey: Guid(14ffea9649acdbb43aa4f11151f44d63) Importer(815301076,1909f56bfc062723c751e8b465ee728b)
Start importing Assets/Coen/Scripts/Coen_PlayerMovement.cs using Guid(14ffea9649acdbb43aa4f11151f44d63) Importer(815301076,1909f56bfc062723c751e8b465ee728b) (PreviewImporter) -> (artifact id: '87e34a8a0f45297fff0bf9ce2920d024') in 0.0005399 seconds
Number of updated asset objects reloaded before import = 0Number of asset objects unloaded after import = 0

========================================================================
Received Prepare
Refreshing native plugins compatible for Editor in 1.10 ms, found 3 plugins.
Preloading 0 native plugins for Editor in 0.00 ms.
Unloading 14 Unused Serialized files (Serialized files now loaded: 0)
Unloading 5885 unused Assets / (4.1 MB). Loaded Objects now: 6748.
Memory consumption went from 153.2 MB to 149.1 MB.
Total: 11.667600 ms (FindLiveObjects: 0.768100 ms CreateObjectMapping: 0.627100 ms MarkObjects: 7.855100 ms  DeleteObjects: 2.415800 ms)

Prepare: number of updated asset objects reloaded= 0
========================================================================
Received Import Request.
  Time since last request: 71.203661 seconds.
  path: Assets/Scripts/GameManager.cs
  artifactKey: Guid(8eec9c84443490d40bc034c330a137b4) Importer(815301076,1909f56bfc062723c751e8b465ee728b)
Start importing Assets/Scripts/GameManager.cs using Guid(8eec9c84443490d40bc034c330a137b4) Importer(815301076,1909f56bfc062723c751e8b465ee728b) (PreviewImporter) -> (artifact id: '7f7c3111c57a694feca3878cafbff69c') in 0.0059568 seconds
Number of updated asset objects reloaded before import = 0Number of asset objects unloaded after import = 0

========================================================================
Received Import Request.
  Time since last request: 6.727402 seconds.
  path: Assets/Coen/Scripts/GameManager.cs
  artifactKey: Guid(57aa134768f50eb469aa35ad97812907) Importer(815301076,1909f56bfc062723c751e8b465ee728b)
Start importing Assets/Coen/Scripts/GameManager.cs using Guid(57aa134768f50eb469aa35ad97812907) Importer(815301076,1909f56bfc062723c751e8b465ee728b) (PreviewImporter) -> (artifact id: 'dcf2f8115967e0e0febc04a1607253de') in 0.0005507 seconds
Number of updated asset objects reloaded before import = 0Number of asset objects unloaded after import = 0

========================================================================
Received Prepare
Begin MonoManager ReloadAssembly
- Loaded All Assemblies, in  0.797 seconds
Refreshing native plugins compatible for Editor in 0.63 ms, found 3 plugins.
Native extension for WindowsStandalone target not found
[MODES] ModeService[none].Initialize
[MODES] ModeService[none].LoadModes
Mono: successfully reloaded assembly
- Finished resetting the current domain, in  0.917 seconds
Domain Reload Profiling: 1715ms
	BeginReloadAssembly (337ms)
		ExecutionOrderSort (0ms)
		DisableScriptedObjects (18ms)
		BackupInstance (0ms)
		ReleaseScriptingObjects (0ms)
		CreateAndSetChildDomain (57ms)
	RebuildCommonClasses (34ms)
	RebuildNativeTypeToScriptingClass (10ms)
	initialDomainReloadingComplete (24ms)
	LoadAllAssembliesAndSetupDomain (393ms)
		LoadAssemblies (474ms)
		RebuildTransferFunctionScriptingTraits (0ms)
		AnalyzeDomain (139ms)
			TypeCache.Refresh (8ms)
				TypeCache.ScanAssembly (0ms)
			BuildScriptInfoCaches (119ms)
			ResolveRequiredComponents (8ms)
	FinalizeReload (918ms)
		ReleaseScriptCaches (0ms)
		RebuildScriptCaches (0ms)
		SetupLoadedEditorAssemblies (675ms)
			LogAssemblyErrors (0ms)
			InitializePlatformSupportModulesInManaged (2ms)
			SetLoadedEditorAssemblies (6ms)
			BeforeProcessingInitializeOnLoad (184ms)
			ProcessInitializeOnLoadAttributes (366ms)
			ProcessInitializeOnLoadMethodAttributes (113ms)
			AfterProcessingInitializeOnLoad (4ms)
			EditorAssembliesLoaded (0ms)
		ExecutionOrderSort2 (0ms)
		AwakeInstancesAfterBackupRestoration (13ms)
Refreshing native plugins compatible for Editor in 1.06 ms, found 3 plugins.
Preloading 0 native plugins for Editor in 0.00 ms.
Unloading 23 Unused Serialized files (Serialized files now loaded: 0)
Unloading 5889 unused Assets / (4.0 MB). Loaded Objects now: 6644.
Memory consumption went from 163.7 MB to 159.6 MB.
Total: 11.613000 ms (FindLiveObjects: 0.620900 ms CreateObjectMapping: 0.591600 ms MarkObjects: 7.227800 ms  DeleteObjects: 3.170900 ms)

Prepare: number of updated asset objects reloaded= 0
========================================================================
Received Import Request.
  Time since last request: 116.768033 seconds.
  path: Assets/Coen/Coin.prefab
  artifactKey: Guid(1ab1185c34c6ad348a844607775ba7e5) Importer(815301076,1909f56bfc062723c751e8b465ee728b)
Start importing Assets/Coen/Coin.prefab using Guid(1ab1185c34c6ad348a844607775ba7e5) Importer(815301076,1909f56bfc062723c751e8b465ee728b) (PreviewImporter) -> (artifact id: '2d21ed5a002c5a526c0c200855dfb7b6') in 1.2151359 seconds
Number of updated asset objects reloaded before import = 0Number of asset objects unloaded after import = 14

========================================================================
Received Import Request.
  Time since last request: 55.940725 seconds.
  path: Assets/Coen/Coen_Player.prefab
  artifactKey: Guid(bcdc16eba04cb7b46bfc181d68c1f387) Importer(815301076,1909f56bfc062723c751e8b465ee728b)
Start importing Assets/Coen/Coen_Player.prefab using Guid(bcdc16eba04cb7b46bfc181d68c1f387) Importer(815301076,1909f56bfc062723c751e8b465ee728b) (PreviewImporter) -> (artifact id: '7212773a29d9462e7ba6331adf68b0de') in 0.0344151 seconds
Number of updated asset objects reloaded before import = 0Number of asset objects unloaded after import = 151

========================================================================
Received Import Request.
  Time since last request: 9.166553 seconds.
  path: Assets/Coen/Scripts/Coen_LevelSwitch.cs
  artifactKey: Guid(eb0cd708c5cf3f84d8e1bd998ef41d33) Importer(815301076,1909f56bfc062723c751e8b465ee728b)
Start importing Assets/Coen/Scripts/Coen_LevelSwitch.cs using Guid(eb0cd708c5cf3f84d8e1bd998ef41d33) Importer(815301076,1909f56bfc062723c751e8b465ee728b) (PreviewImporter) -> (artifact id: '8fdce1d0dc32b9649e215a291dab2558') in 0.0009412 seconds
Number of updated asset objects reloaded before import = 0Number of asset objects unloaded after import = 0

========================================================================
Received Import Request.
  Time since last request: 8.905059 seconds.
  path: Assets/Coen/MaterialsAndTextures/Clean_Concrete_GroundAO.png
  artifactKey: Guid(0d242f854d81b974581efdd1693a7c7e) Importer(815301076,1909f56bfc062723c751e8b465ee728b)
Start importing Assets/Coen/MaterialsAndTextures/Clean_Concrete_GroundAO.png using Guid(0d242f854d81b974581efdd1693a7c7e) Importer(815301076,1909f56bfc062723c751e8b465ee728b) (PreviewImporter) -> (artifact id: '2f7e90d1460b107b3b36e4657feee738') in 0.0451221 seconds
Number of updated asset objects reloaded before import = 0Number of asset objects unloaded after import = 2

========================================================================
Received Import Request.
  Time since last request: 0.000027 seconds.
  path: Assets/Coen/MaterialsAndTextures/Coat of Arms.png
  artifactKey: Guid(47d8ccb95eef4c044a4ef61216c7e354) Importer(815301076,1909f56bfc062723c751e8b465ee728b)
Start importing Assets/Coen/MaterialsAndTextures/Coat of Arms.png using Guid(47d8ccb95eef4c044a4ef61216c7e354) Importer(815301076,1909f56bfc062723c751e8b465ee728b) (PreviewImporter) -> (artifact id: '07302b801d286975a0043ef299f50807') in 0.0416668 seconds
Number of updated asset objects reloaded before import = 0Number of asset objects unloaded after import = 2

========================================================================
Received Import Request.
  Time since last request: 0.000032 seconds.
  path: Assets/Coen/MaterialsAndTextures/ConcreteMaterial 1.mat
  artifactKey: Guid(892031c17f64fd64ead3786851e73302) Importer(815301076,1909f56bfc062723c751e8b465ee728b)
Start importing Assets/Coen/MaterialsAndTextures/ConcreteMaterial 1.mat using Guid(892031c17f64fd64ead3786851e73302) Importer(815301076,1909f56bfc062723c751e8b465ee728b) (PreviewImporter) -> (artifact id: '51f589d8111e94058ddff0f6ecb995dc') in 0.7412338 seconds
Number of updated asset objects reloaded before import = 0Number of asset objects unloaded after import = 5

========================================================================
Received Import Request.
  Time since last request: 0.000031 seconds.
  path: Assets/Coen/MaterialsAndTextures/wood texture.png
  artifactKey: Guid(b984a526690226d44907ec0d958880f9) Importer(815301076,1909f56bfc062723c751e8b465ee728b)
Start importing Assets/Coen/MaterialsAndTextures/wood texture.png using Guid(b984a526690226d44907ec0d958880f9) Importer(815301076,1909f56bfc062723c751e8b465ee728b) (PreviewImporter) -> (artifact id: '0dbaaa7e0553b4170247760b97cd69a5') in 0.0533835 seconds
Number of updated asset objects reloaded before import = 0Number of asset objects unloaded after import = 2

========================================================================
Received Import Request.
  Time since last request: 0.000055 seconds.
  path: Assets/Coen/MaterialsAndTextures/RockMaterial.mat
  artifactKey: Guid(38bbfec5fd8e1ce42969e6da6665b537) Importer(815301076,1909f56bfc062723c751e8b465ee728b)
Start importing Assets/Coen/MaterialsAndTextures/RockMaterial.mat using Guid(38bbfec5fd8e1ce42969e6da6665b537) Importer(815301076,1909f56bfc062723c751e8b465ee728b) (PreviewImporter) -> (artifact id: 'd8f86e2a2280b10044050ab0afbca221') in 0.0246615 seconds
Number of updated asset objects reloaded before import = 0Number of asset objects unloaded after import = 3

========================================================================
Received Import Request.
  Time since last request: 0.000034 seconds.
  path: Assets/Coen/FireSmoke/Smoke.psd
  artifactKey: Guid(bcbbdc596de1eb542b088ca30a0bc223) Importer(815301076,1909f56bfc062723c751e8b465ee728b)
Start importing Assets/Coen/FireSmoke/Smoke.psd using Guid(bcbbdc596de1eb542b088ca30a0bc223) Importer(815301076,1909f56bfc062723c751e8b465ee728b) (PreviewImporter) -> (artifact id: 'e7c51eef5a7c6cc8910a582e5529931b') in 0.021129 seconds
Number of updated asset objects reloaded before import = 0Number of asset objects unloaded after import = 2

========================================================================
Received Import Request.
  Time since last request: 0.000025 seconds.
  path: Assets/Coen/MaterialsAndTextures/Clean_Concrete_GroundNormal.png
  artifactKey: Guid(566ff68b0b953e8449c17296727fcffa) Importer(815301076,1909f56bfc062723c751e8b465ee728b)
Start importing Assets/Coen/MaterialsAndTextures/Clean_Concrete_GroundNormal.png using Guid(566ff68b0b953e8449c17296727fcffa) Importer(815301076,1909f56bfc062723c751e8b465ee728b) (PreviewImporter) -> (artifact id: '749a3f89b2a7553a4a107d6353b29cb2') in 0.0275939 seconds
Number of updated asset objects reloaded before import = 0Number of asset objects unloaded after import = 2

========================================================================
Received Import Request.
  Time since last request: 0.000031 seconds.
  path: Assets/Coen/MaterialsAndTextures/Wood.mat
  artifactKey: Guid(70e172999718e9e4eb140b0f422c6d73) Importer(815301076,1909f56bfc062723c751e8b465ee728b)
Start importing Assets/Coen/MaterialsAndTextures/Wood.mat using Guid(70e172999718e9e4eb140b0f422c6d73) Importer(815301076,1909f56bfc062723c751e8b465ee728b) (PreviewImporter) -> (artifact id: 'd3e57bd0d05a9691784a2210171a3c00') in 0.0206498 seconds
Number of updated asset objects reloaded before import = 0Number of asset objects unloaded after import = 2

========================================================================
Received Import Request.
  Time since last request: 0.000025 seconds.
  path: Assets/Coen/Models and Prefabs/Stone Dungeon #1.prefab
  artifactKey: Guid(970cc6a812acfda4cafed67f3af75e92) Importer(815301076,1909f56bfc062723c751e8b465ee728b)
Start importing Assets/Coen/Models and Prefabs/Stone Dungeon #1.prefab using Guid(970cc6a812acfda4cafed67f3af75e92) Importer(815301076,1909f56bfc062723c751e8b465ee728b) (PreviewImporter) -> (artifact id: '5a7ad5eb1c5012fde313de1c89931000') in 0.0663228 seconds
Number of updated asset objects reloaded before import = 0Number of asset objects unloaded after import = 1306

========================================================================
Received Import Request.
  Time since last request: 0.000034 seconds.
  path: Assets/Coen/Models and Prefabs/Wood Dungeon #1.prefab
  artifactKey: Guid(67277dd2288e4084fa2cdb68eb202ba3) Importer(815301076,1909f56bfc062723c751e8b465ee728b)
Start importing Assets/Coen/Models and Prefabs/Wood Dungeon #1.prefab using Guid(67277dd2288e4084fa2cdb68eb202ba3) Importer(815301076,1909f56bfc062723c751e8b465ee728b) (PreviewImporter) -> (artifact id: 'c0da1e7cd3ceadbdf7345c1542f0b170') in 0.1121366 seconds
Number of updated asset objects reloaded before import = 0Number of asset objects unloaded after import = 1200

========================================================================
Received Import Request.
  Time since last request: 0.000171 seconds.
  path: Assets/Coen/Models and Prefabs/Stone Dungeon #2.prefab
  artifactKey: Guid(3957f8c6e2d339648ac766446ee1335b) Importer(815301076,1909f56bfc062723c751e8b465ee728b)
Start importing Assets/Coen/Models and Prefabs/Stone Dungeon #2.prefab using Guid(3957f8c6e2d339648ac766446ee1335b) Importer(815301076,1909f56bfc062723c751e8b465ee728b) (PreviewImporter) -> (artifact id: 'fd6300aa7325f6e3e6cda5c229744d8c') in 0.180826 seconds
Number of updated asset objects reloaded before import = 0Number of asset objects unloaded after import = 1456

========================================================================
Received Import Request.
  Time since last request: 0.000035 seconds.
  path: Assets/Coen/FireSmoke/Fireball.psd
  artifactKey: Guid(99f12b1649bed1243990e08d53f89703) Importer(815301076,1909f56bfc062723c751e8b465ee728b)
Start importing Assets/Coen/FireSmoke/Fireball.psd using Guid(99f12b1649bed1243990e08d53f89703) Importer(815301076,1909f56bfc062723c751e8b465ee728b) (PreviewImporter) -> (artifact id: '38f4729f41db2dcb6a61e96475f5e94a') in 0.019845 seconds
Number of updated asset objects reloaded before import = 0Number of asset objects unloaded after import = 2

========================================================================
Received Import Request.
  Time since last request: 0.000055 seconds.
  path: Assets/Coen/MaterialsAndTextures/ConcreteMaterial.mat
  artifactKey: Guid(ce6e7d8d4e5f81c4a9e020c47cd7967e) Importer(815301076,1909f56bfc062723c751e8b465ee728b)
Start importing Assets/Coen/MaterialsAndTextures/ConcreteMaterial.mat using Guid(ce6e7d8d4e5f81c4a9e020c47cd7967e) Importer(815301076,1909f56bfc062723c751e8b465ee728b) (PreviewImporter) -> (artifact id: '01af0f3cbc6984f0f051a6c7338c5e68') in 0.0208 seconds
Number of updated asset objects reloaded before import = 0Number of asset objects unloaded after import = 5

========================================================================
Received Import Request.
  Time since last request: 0.000037 seconds.
  path: Assets/Coen/MaterialsAndTextures/Clean_Concrete_GroundSpecular.png
  artifactKey: Guid(c4abf79a74f04f14eaf7351535eedbcb) Importer(815301076,1909f56bfc062723c751e8b465ee728b)
Start importing Assets/Coen/MaterialsAndTextures/Clean_Concrete_GroundSpecular.png using Guid(c4abf79a74f04f14eaf7351535eedbcb) Importer(815301076,1909f56bfc062723c751e8b465ee728b) (PreviewImporter) -> (artifact id: 'e4332d76226abdf5210179bceb128fb6') in 0.0208459 seconds
Number of updated asset objects reloaded before import = 0Number of asset objects unloaded after import = 2

========================================================================
Received Import Request.
  Time since last request: 0.000021 seconds.
  path: Assets/Coen/MaterialsAndTextures/rock texture seamless_normal.png
  artifactKey: Guid(5ff5c8fdf1cb6ee4a90847e45dc5ea2c) Importer(815301076,1909f56bfc062723c751e8b465ee728b)
Start importing Assets/Coen/MaterialsAndTextures/rock texture seamless_normal.png using Guid(5ff5c8fdf1cb6ee4a90847e45dc5ea2c) Importer(815301076,1909f56bfc062723c751e8b465ee728b) (PreviewImporter) -> (artifact id: '3a34bdd9e0426985c64ba83ac6bced7d') in 0.0225544 seconds
Number of updated asset objects reloaded before import = 0Number of asset objects unloaded after import = 2

========================================================================
Received Import Request.
  Time since last request: 0.000024 seconds.
  path: Assets/Coen/Audio/Thunder Rumble Bass Normalized.wav
  artifactKey: Guid(eade3d2260c3a35499d8911f7330d57b) Importer(815301076,1909f56bfc062723c751e8b465ee728b)
Start importing Assets/Coen/Audio/Thunder Rumble Bass Normalized.wav using Guid(eade3d2260c3a35499d8911f7330d57b) Importer(815301076,1909f56bfc062723c751e8b465ee728b) (PreviewImporter) -> (artifact id: '1351e761b9fae7e63fb097b4c9880476') in 0.0680677 seconds
Number of updated asset objects reloaded before import = 0Number of asset objects unloaded after import = 2

========================================================================
Received Import Request.
  Time since last request: 0.000024 seconds.
  path: Assets/Coen/Models and Prefabs/Wood Dungeon #3.prefab
  artifactKey: Guid(ccac8ba83602cc743ae4725cabb65490) Importer(815301076,1909f56bfc062723c751e8b465ee728b)
Start importing Assets/Coen/Models and Prefabs/Wood Dungeon #3.prefab using Guid(ccac8ba83602cc743ae4725cabb65490) Importer(815301076,1909f56bfc062723c751e8b465ee728b) (PreviewImporter) -> (artifact id: '3d8536114288801b15b5b404e8c2384e') in 0.0401563 seconds
Number of updated asset objects reloaded before import = 0Number of asset objects unloaded after import = 1302

========================================================================
Received Import Request.
  Time since last request: 0.414523 seconds.
  path: Assets/Coen/Scripts/Coen_PlayerMovement.cs
  artifactKey: Guid(14ffea9649acdbb43aa4f11151f44d63) Importer(815301076,1909f56bfc062723c751e8b465ee728b)
Start importing Assets/Coen/Scripts/Coen_PlayerMovement.cs using Guid(14ffea9649acdbb43aa4f11151f44d63) Importer(815301076,1909f56bfc062723c751e8b465ee728b) (PreviewImporter) -> (artifact id: 'b2a8b4ca618a362c099e826ab01e64da') in 0.0009018 seconds
Number of updated asset objects reloaded before import = 0Number of asset objects unloaded after import = 0

========================================================================
Received Prepare
Refreshing native plugins compatible for Editor in 1.01 ms, found 3 plugins.
Preloading 0 native plugins for Editor in 0.00 ms.
Unloading 14 Unused Serialized files (Serialized files now loaded: 0)
Unloading 5885 unused Assets / (3.3 MB). Loaded Objects now: 6825.
Memory consumption went from 168.0 MB to 164.6 MB.
Total: 13.076600 ms (FindLiveObjects: 0.681800 ms CreateObjectMapping: 0.586300 ms MarkObjects: 9.495900 ms  DeleteObjects: 2.310900 ms)

Prepare: number of updated asset objects reloaded= 0
========================================================================
Received Prepare
Begin MonoManager ReloadAssembly
- Loaded All Assemblies, in  0.827 seconds
Refreshing native plugins compatible for Editor in 0.47 ms, found 3 plugins.
Native extension for WindowsStandalone target not found
[MODES] ModeService[none].Initialize
[MODES] ModeService[none].LoadModes
Mono: successfully reloaded assembly
- Finished resetting the current domain, in  0.972 seconds
Domain Reload Profiling: 1800ms
	BeginReloadAssembly (241ms)
		ExecutionOrderSort (0ms)
		DisableScriptedObjects (21ms)
		BackupInstance (0ms)
		ReleaseScriptingObjects (0ms)
		CreateAndSetChildDomain (72ms)
	RebuildCommonClasses (44ms)
	RebuildNativeTypeToScriptingClass (13ms)
	initialDomainReloadingComplete (33ms)
	LoadAllAssembliesAndSetupDomain (496ms)
		LoadAssemblies (396ms)
		RebuildTransferFunctionScriptingTraits (0ms)
		AnalyzeDomain (200ms)
			TypeCache.Refresh (15ms)
				TypeCache.ScanAssembly (0ms)
			BuildScriptInfoCaches (172ms)
			ResolveRequiredComponents (9ms)
	FinalizeReload (973ms)
		ReleaseScriptCaches (0ms)
		RebuildScriptCaches (0ms)
		SetupLoadedEditorAssemblies (764ms)
			LogAssemblyErrors (0ms)
			InitializePlatformSupportModulesInManaged (2ms)
			SetLoadedEditorAssemblies (7ms)
			BeforeProcessingInitializeOnLoad (220ms)
			ProcessInitializeOnLoadAttributes (416ms)
			ProcessInitializeOnLoadMethodAttributes (115ms)
			AfterProcessingInitializeOnLoad (4ms)
			EditorAssembliesLoaded (0ms)
		ExecutionOrderSort2 (0ms)
		AwakeInstancesAfterBackupRestoration (22ms)
Refreshing native plugins compatible for Editor in 1.02 ms, found 3 plugins.
Preloading 0 native plugins for Editor in 0.00 ms.
Unloading 14 Unused Serialized files (Serialized files now loaded: 0)
Unloading 5889 unused Assets / (4.5 MB). Loaded Objects now: 6709.
Memory consumption went from 164.1 MB to 159.5 MB.
Total: 11.027900 ms (FindLiveObjects: 0.699500 ms CreateObjectMapping: 0.567400 ms MarkObjects: 6.574500 ms  DeleteObjects: 3.184500 ms)

Prepare: number of updated asset objects reloaded= 0
========================================================================
Received Prepare
Begin MonoManager ReloadAssembly
- Loaded All Assemblies, in  0.693 seconds
Refreshing native plugins compatible for Editor in 0.59 ms, found 3 plugins.
Native extension for WindowsStandalone target not found
[MODES] ModeService[none].Initialize
[MODES] ModeService[none].LoadModes
Mono: successfully reloaded assembly
- Finished resetting the current domain, in  0.752 seconds
Domain Reload Profiling: 1447ms
	BeginReloadAssembly (187ms)
		ExecutionOrderSort (0ms)
		DisableScriptedObjects (6ms)
		BackupInstance (0ms)
		ReleaseScriptingObjects (0ms)
		CreateAndSetChildDomain (48ms)
	RebuildCommonClasses (28ms)
	RebuildNativeTypeToScriptingClass (11ms)
	initialDomainReloadingComplete (28ms)
	LoadAllAssembliesAndSetupDomain (441ms)
		LoadAssemblies (359ms)
		RebuildTransferFunctionScriptingTraits (0ms)
		AnalyzeDomain (166ms)
			TypeCache.Refresh (6ms)
				TypeCache.ScanAssembly (0ms)
			BuildScriptInfoCaches (148ms)
			ResolveRequiredComponents (9ms)
	FinalizeReload (753ms)
		ReleaseScriptCaches (0ms)
		RebuildScriptCaches (0ms)
		SetupLoadedEditorAssemblies (586ms)
			LogAssemblyErrors (0ms)
			InitializePlatformSupportModulesInManaged (2ms)
			SetLoadedEditorAssemblies (8ms)
			BeforeProcessingInitializeOnLoad (159ms)
			ProcessInitializeOnLoadAttributes (308ms)
			ProcessInitializeOnLoadMethodAttributes (105ms)
			AfterProcessingInitializeOnLoad (4ms)
			EditorAssembliesLoaded (0ms)
		ExecutionOrderSort2 (0ms)
		AwakeInstancesAfterBackupRestoration (16ms)
Refreshing native plugins compatible for Editor in 0.86 ms, found 3 plugins.
Preloading 0 native plugins for Editor in 0.00 ms.
Unloading 14 Unused Serialized files (Serialized files now loaded: 0)
Unloading 5889 unused Assets / (4.3 MB). Loaded Objects now: 6711.
Memory consumption went from 164.0 MB to 159.6 MB.
Total: 11.994600 ms (FindLiveObjects: 0.928300 ms CreateObjectMapping: 1.202300 ms MarkObjects: 6.383100 ms  DeleteObjects: 3.478500 ms)

Prepare: number of updated asset objects reloaded= 0
========================================================================
Received Prepare
Refreshing native plugins compatible for Editor in 1.86 ms, found 3 plugins.
Preloading 0 native plugins for Editor in 0.00 ms.
Unloading 14 Unused Serialized files (Serialized files now loaded: 0)
Unloading 5883 unused Assets / (4.0 MB). Loaded Objects now: 6711.
Memory consumption went from 164.1 MB to 160.2 MB.
Total: 17.584000 ms (FindLiveObjects: 0.928100 ms CreateObjectMapping: 0.584100 ms MarkObjects: 7.360000 ms  DeleteObjects: 8.710200 ms)

Prepare: number of updated asset objects reloaded= 0
========================================================================
Received Prepare
Begin MonoManager ReloadAssembly
- Loaded All Assemblies, in  0.776 seconds
Refreshing native plugins compatible for Editor in 0.98 ms, found 3 plugins.
Native extension for WindowsStandalone target not found
[MODES] ModeService[none].Initialize
[MODES] ModeService[none].LoadModes
Mono: successfully reloaded assembly
- Finished resetting the current domain, in  0.801 seconds
Domain Reload Profiling: 1578ms
	BeginReloadAssembly (192ms)
		ExecutionOrderSort (0ms)
		DisableScriptedObjects (8ms)
		BackupInstance (0ms)
		ReleaseScriptingObjects (0ms)
		CreateAndSetChildDomain (53ms)
	RebuildCommonClasses (36ms)
	RebuildNativeTypeToScriptingClass (16ms)
	initialDomainReloadingComplete (31ms)
	LoadAllAssembliesAndSetupDomain (501ms)
		LoadAssemblies (409ms)
		RebuildTransferFunctionScriptingTraits (0ms)
		AnalyzeDomain (176ms)
			TypeCache.Refresh (9ms)
				TypeCache.ScanAssembly (0ms)
			BuildScriptInfoCaches (155ms)
			ResolveRequiredComponents (10ms)
	FinalizeReload (802ms)
		ReleaseScriptCaches (0ms)
		RebuildScriptCaches (0ms)
		SetupLoadedEditorAssemblies (577ms)
			LogAssemblyErrors (0ms)
			InitializePlatformSupportModulesInManaged (3ms)
			SetLoadedEditorAssemblies (9ms)
			BeforeProcessingInitializeOnLoad (179ms)
			ProcessInitializeOnLoadAttributes (297ms)
			ProcessInitializeOnLoadMethodAttributes (86ms)
			AfterProcessingInitializeOnLoad (3ms)
			EditorAssembliesLoaded (0ms)
		ExecutionOrderSort2 (0ms)
		AwakeInstancesAfterBackupRestoration (17ms)
Refreshing native plugins compatible for Editor in 1.32 ms, found 3 plugins.
Preloading 0 native plugins for Editor in 0.00 ms.
Unloading 14 Unused Serialized files (Serialized files now loaded: 0)
Unloading 5889 unused Assets / (4.2 MB). Loaded Objects now: 6713.
Memory consumption went from 164.0 MB to 159.8 MB.
Total: 10.710300 ms (FindLiveObjects: 0.613600 ms CreateObjectMapping: 0.730100 ms MarkObjects: 6.591100 ms  DeleteObjects: 2.771900 ms)

Prepare: number of updated asset objects reloaded= 0
========================================================================
Received Prepare
Begin MonoManager ReloadAssembly
- Loaded All Assemblies, in  0.593 seconds
Refreshing native plugins compatible for Editor in 1.06 ms, found 3 plugins.
Native extension for WindowsStandalone target not found
[MODES] ModeService[none].Initialize
[MODES] ModeService[none].LoadModes
Mono: successfully reloaded assembly
- Finished resetting the current domain, in  0.724 seconds
Domain Reload Profiling: 1318ms
	BeginReloadAssembly (173ms)
		ExecutionOrderSort (0ms)
		DisableScriptedObjects (5ms)
		BackupInstance (0ms)
		ReleaseScriptingObjects (0ms)
		CreateAndSetChildDomain (43ms)
	RebuildCommonClasses (27ms)
	RebuildNativeTypeToScriptingClass (9ms)
	initialDomainReloadingComplete (22ms)
	LoadAllAssembliesAndSetupDomain (362ms)
		LoadAssemblies (302ms)
		RebuildTransferFunctionScriptingTraits (0ms)
		AnalyzeDomain (147ms)
			TypeCache.Refresh (6ms)
				TypeCache.ScanAssembly (0ms)
			BuildScriptInfoCaches (129ms)
			ResolveRequiredComponents (9ms)
	FinalizeReload (724ms)
		ReleaseScriptCaches (0ms)
		RebuildScriptCaches (0ms)
		SetupLoadedEditorAssemblies (553ms)
			LogAssemblyErrors (0ms)
			InitializePlatformSupportModulesInManaged (3ms)
			SetLoadedEditorAssemblies (7ms)
			BeforeProcessingInitializeOnLoad (144ms)
			ProcessInitializeOnLoadAttributes (294ms)
			ProcessInitializeOnLoadMethodAttributes (101ms)
			AfterProcessingInitializeOnLoad (4ms)
			EditorAssembliesLoaded (0ms)
		ExecutionOrderSort2 (0ms)
		AwakeInstancesAfterBackupRestoration (13ms)
Refreshing native plugins compatible for Editor in 0.97 ms, found 3 plugins.
Preloading 0 native plugins for Editor in 0.00 ms.
Unloading 14 Unused Serialized files (Serialized files now loaded: 0)
Unloading 5889 unused Assets / (3.9 MB). Loaded Objects now: 6715.
Memory consumption went from 164.0 MB to 160.1 MB.
Total: 9.359000 ms (FindLiveObjects: 1.065300 ms CreateObjectMapping: 0.661900 ms MarkObjects: 5.727700 ms  DeleteObjects: 1.902400 ms)

Prepare: number of updated asset objects reloaded= 0
========================================================================
Received Prepare
Refreshing native plugins compatible for Editor in 1.48 ms, found 3 plugins.
Preloading 0 native plugins for Editor in 0.00 ms.
Unloading 14 Unused Serialized files (Serialized files now loaded: 0)
Unloading 5883 unused Assets / (4.0 MB). Loaded Objects now: 6715.
Memory consumption went from 164.1 MB to 160.1 MB.
Total: 12.399500 ms (FindLiveObjects: 0.594800 ms CreateObjectMapping: 0.543500 ms MarkObjects: 7.187000 ms  DeleteObjects: 4.072600 ms)

Prepare: number of updated asset objects reloaded= 0
========================================================================
Received Prepare
Begin MonoManager ReloadAssembly
- Loaded All Assemblies, in  0.881 seconds
Refreshing native plugins compatible for Editor in 0.79 ms, found 3 plugins.
Native extension for WindowsStandalone target not found
[MODES] ModeService[none].Initialize
[MODES] ModeService[none].LoadModes
Mono: successfully reloaded assembly
- Finished resetting the current domain, in  1.048 seconds
Domain Reload Profiling: 1927ms
	BeginReloadAssembly (245ms)
		ExecutionOrderSort (0ms)
		DisableScriptedObjects (7ms)
		BackupInstance (0ms)
		ReleaseScriptingObjects (0ms)
		CreateAndSetChildDomain (59ms)
	RebuildCommonClasses (55ms)
	RebuildNativeTypeToScriptingClass (15ms)
	initialDomainReloadingComplete (41ms)
	LoadAllAssembliesAndSetupDomain (523ms)
		LoadAssemblies (415ms)
		RebuildTransferFunctionScriptingTraits (0ms)
		AnalyzeDomain (236ms)
			TypeCache.Refresh (14ms)
				TypeCache.ScanAssembly (1ms)
			BuildScriptInfoCaches (203ms)
			ResolveRequiredComponents (15ms)
	FinalizeReload (1048ms)
		ReleaseScriptCaches (0ms)
		RebuildScriptCaches (0ms)
		SetupLoadedEditorAssemblies (829ms)
			LogAssemblyErrors (0ms)
			InitializePlatformSupportModulesInManaged (3ms)
			SetLoadedEditorAssemblies (9ms)
			BeforeProcessingInitializeOnLoad (209ms)
			ProcessInitializeOnLoadAttributes (479ms)
			ProcessInitializeOnLoadMethodAttributes (124ms)
			AfterProcessingInitializeOnLoad (4ms)
			EditorAssembliesLoaded (0ms)
		ExecutionOrderSort2 (0ms)
		AwakeInstancesAfterBackupRestoration (27ms)
Refreshing native plugins compatible for Editor in 1.11 ms, found 3 plugins.
Preloading 0 native plugins for Editor in 0.00 ms.
Unloading 14 Unused Serialized files (Serialized files now loaded: 0)
Unloading 5889 unused Assets / (4.1 MB). Loaded Objects now: 6717.
Memory consumption went from 164.0 MB to 159.8 MB.
Total: 11.836500 ms (FindLiveObjects: 0.589300 ms CreateObjectMapping: 0.707500 ms MarkObjects: 7.906800 ms  DeleteObjects: 2.630900 ms)

Prepare: number of updated asset objects reloaded= 0
========================================================================
Received Prepare
Begin MonoManager ReloadAssembly
- Loaded All Assemblies, in  1.445 seconds
Refreshing native plugins compatible for Editor in 0.70 ms, found 3 plugins.
Native extension for WindowsStandalone target not found
[MODES] ModeService[none].Initialize
[MODES] ModeService[none].LoadModes
Mono: successfully reloaded assembly
- Finished resetting the current domain, in  0.962 seconds
Domain Reload Profiling: 2408ms
	BeginReloadAssembly (613ms)
		ExecutionOrderSort (0ms)
		DisableScriptedObjects (48ms)
		BackupInstance (0ms)
		ReleaseScriptingObjects (1ms)
		CreateAndSetChildDomain (221ms)
	RebuildCommonClasses (41ms)
	RebuildNativeTypeToScriptingClass (11ms)
	initialDomainReloadingComplete (38ms)
	LoadAllAssembliesAndSetupDomain (744ms)
		LoadAssemblies (667ms)
		RebuildTransferFunctionScriptingTraits (0ms)
		AnalyzeDomain (224ms)
			TypeCache.Refresh (19ms)
				TypeCache.ScanAssembly (0ms)
			BuildScriptInfoCaches (190ms)
			ResolveRequiredComponents (10ms)
	FinalizeReload (962ms)
		ReleaseScriptCaches (0ms)
		RebuildScriptCaches (0ms)
		SetupLoadedEditorAssemblies (732ms)
			LogAssemblyErrors (0ms)
			InitializePlatformSupportModulesInManaged (3ms)
			SetLoadedEditorAssemblies (10ms)
			BeforeProcessingInitializeOnLoad (182ms)
			ProcessInitializeOnLoadAttributes (415ms)
			ProcessInitializeOnLoadMethodAttributes (118ms)
			AfterProcessingInitializeOnLoad (3ms)
			EditorAssembliesLoaded (0ms)
		ExecutionOrderSort2 (0ms)
		AwakeInstancesAfterBackupRestoration (17ms)
Refreshing native plugins compatible for Editor in 1.20 ms, found 3 plugins.
Preloading 0 native plugins for Editor in 0.00 ms.
Unloading 14 Unused Serialized files (Serialized files now loaded: 0)
Unloading 5889 unused Assets / (4.7 MB). Loaded Objects now: 6719.
Memory consumption went from 164.0 MB to 159.3 MB.
Total: 13.087900 ms (FindLiveObjects: 1.194900 ms CreateObjectMapping: 1.000900 ms MarkObjects: 7.638700 ms  DeleteObjects: 3.251500 ms)

Prepare: number of updated asset objects reloaded= 0
