Using pre-set license
Built from '6000.0/release' branch; Version is '6000.0.43f1 (97272b72f107) revision 9905963'; Using compiler version '193933523'; Build Type 'Release'
OS: 'Windows 11  (10.0.26100) 64bit Core' Language: 'en' Physical Memory: 15733 MB
BatchMode: 1, IsHumanControllingUs: 0, StartBugReporterOnCrash: 0, Is64bit: 1, IsPro: 1

COMMAND LINE ARGUMENTS:
C:\Program Files\Unity\Hub\Editor\6000.0.43f1\Editor\Unity.exe
-adb2
-batchMode
-noUpm
-name
AssetImportWorker8
-projectPath
C:/Users/Liam_/My project
-logFile
Logs/AssetImportWorker8.log
-srvPort
50891
-job-worker-count
10
-background-job-worker-count
8
-gc-helper-count
1
Successfully changed project path to: C:/Users/Liam_/My project
C:/Users/Liam_/My project
[UnityMemory] Configuration Parameters - Can be set up in boot.config
    "memorysetup-bucket-allocator-granularity=16"
    "memorysetup-bucket-allocator-bucket-count=8"
    "memorysetup-bucket-allocator-block-size=33554432"
    "memorysetup-bucket-allocator-block-count=8"
    "memorysetup-main-allocator-block-size=16777216"
    "memorysetup-thread-allocator-block-size=16777216"
    "memorysetup-gfx-main-allocator-block-size=16777216"
    "memorysetup-gfx-thread-allocator-block-size=16777216"
    "memorysetup-cache-allocator-block-size=4194304"
    "memorysetup-typetree-allocator-block-size=2097152"
    "memorysetup-profiler-bucket-allocator-granularity=16"
    "memorysetup-profiler-bucket-allocator-bucket-count=8"
    "memorysetup-profiler-bucket-allocator-block-size=33554432"
    "memorysetup-profiler-bucket-allocator-block-count=8"
    "memorysetup-profiler-allocator-block-size=16777216"
    "memorysetup-profiler-editor-allocator-block-size=1048576"
    "memorysetup-temp-allocator-size-main=16777216"
    "memorysetup-job-temp-allocator-block-size=2097152"
    "memorysetup-job-temp-allocator-block-size-background=1048576"
    "memorysetup-job-temp-allocator-reduction-small-platforms=262144"
    "memorysetup-allocator-temp-initial-block-size-main=262144"
    "memorysetup-allocator-temp-initial-block-size-worker=262144"
    "memorysetup-temp-allocator-size-background-worker=32768"
    "memorysetup-temp-allocator-size-job-worker=262144"
    "memorysetup-temp-allocator-size-preload-manager=33554432"
    "memorysetup-temp-allocator-size-nav-mesh-worker=65536"
    "memorysetup-temp-allocator-size-audio-worker=65536"
    "memorysetup-temp-allocator-size-cloud-worker=32768"
    "memorysetup-temp-allocator-size-gi-baking-worker=262144"
    "memorysetup-temp-allocator-size-gi-baking-worker=262144"
    "memorysetup-temp-allocator-size-gi-baking-worker=262144"
    "memorysetup-temp-allocator-size-gi-baking-worker=262144"
    "memorysetup-temp-allocator-size-gi-baking-worker=262144"
    "memorysetup-temp-allocator-size-gfx=262144"
Player connection [28332]  Target information:

Player connection [28332]  * "[IP] 192.168.0.243 [Port] 0 [Flags] 2 [Guid] 2542364910 [EditorId] 2542364910 [Version] 1048832 [Id] WindowsEditor(7,Liam_Korver) [Debug] 1 [PackageName] WindowsEditor [ProjectName] Editor" 

Player connection [28332] Host joined multi-casting on [225.0.0.222:54997]...
Player connection [28332] Host joined alternative multi-casting on [225.0.0.222:34997]...
JobSystem: Creating JobQueue using job-worker-count value 10
Input System module state changed to: Initialized.
[Physics::Module] Initialized fallback backend.
[Physics::Module] Id: 0xdecafbad
Library Redirect Path: Library/
[Physics::Module] Selected backend.
[Physics::Module] Name: PhysX
[Physics::Module] Id: 0xf2b8ea05
[Physics::Module] SDK Version: 4.1.2
[Physics::Module] Integration Version: 1.0.0
[Physics::Module] Threading Mode: Multi-Threaded
Refreshing native plugins compatible for Editor in 8.97 ms, found 3 plugins.
Preloading 0 native plugins for Editor in 0.00 ms.
Initialize engine version: 6000.0.43f1 (97272b72f107)
[Subsystems] Discovering subsystems at path C:/Program Files/Unity/Hub/Editor/6000.0.43f1/Editor/Data/Resources/UnitySubsystems
[Subsystems] Discovering subsystems at path C:/Users/Liam_/My project/Assets
GfxDevice: creating device client; kGfxThreadingModeNonThreaded
Direct3D:
    Version:  Direct3D 11.0 [level 11.1]
    Renderer: Intel(R) Arc(TM) Graphics (ID=0x7d55)
    Vendor:   Intel
    VRAM:     8968 MB
    Driver:   32.0.101.5972
Initialize mono
Mono path[0] = 'C:/Program Files/Unity/Hub/Editor/6000.0.43f1/Editor/Data/Managed'
Mono path[1] = 'C:/Program Files/Unity/Hub/Editor/6000.0.43f1/Editor/Data/MonoBleedingEdge/lib/mono/unityjit-win32'
Mono config path = 'C:/Program Files/Unity/Hub/Editor/6000.0.43f1/Editor/Data/MonoBleedingEdge/etc'
Using monoOptions --debugger-agent=transport=dt_socket,embedding=1,server=y,suspend=n,address=127.0.0.1:56496
Begin MonoManager ReloadAssembly
Registering precompiled unity dll's ...
Register platform support module: C:/Program Files/Unity/Hub/Editor/6000.0.43f1/Editor/Data/PlaybackEngines/WindowsStandaloneSupport/UnityEditor.WindowsStandalone.Extensions.dll
Registered in 0.006114 seconds.
- Loaded All Assemblies, in  0.633 seconds
Native extension for WindowsStandalone target not found
Mono: successfully reloaded assembly
- Finished resetting the current domain, in  0.463 seconds
Domain Reload Profiling: 1093ms
	BeginReloadAssembly (272ms)
		ExecutionOrderSort (0ms)
		DisableScriptedObjects (0ms)
		BackupInstance (0ms)
		ReleaseScriptingObjects (0ms)
		CreateAndSetChildDomain (1ms)
	RebuildCommonClasses (57ms)
	RebuildNativeTypeToScriptingClass (15ms)
	initialDomainReloadingComplete (70ms)
	LoadAllAssembliesAndSetupDomain (216ms)
		LoadAssemblies (270ms)
		RebuildTransferFunctionScriptingTraits (0ms)
		AnalyzeDomain (210ms)
			TypeCache.Refresh (208ms)
				TypeCache.ScanAssembly (189ms)
			BuildScriptInfoCaches (0ms)
			ResolveRequiredComponents (1ms)
	FinalizeReload (463ms)
		ReleaseScriptCaches (0ms)
		RebuildScriptCaches (0ms)
		SetupLoadedEditorAssemblies (402ms)
			LogAssemblyErrors (0ms)
			InitializePlatformSupportModulesInManaged (33ms)
			SetLoadedEditorAssemblies (6ms)
			BeforeProcessingInitializeOnLoad (73ms)
			ProcessInitializeOnLoadAttributes (216ms)
			ProcessInitializeOnLoadMethodAttributes (75ms)
			AfterProcessingInitializeOnLoad (0ms)
			EditorAssembliesLoaded (0ms)
		ExecutionOrderSort2 (0ms)
		AwakeInstancesAfterBackupRestoration (0ms)
========================================================================
Worker process is ready to serve import requests
Import Worker Mode flag is 0x00
Begin MonoManager ReloadAssembly
- Loaded All Assemblies, in  1.406 seconds
Refreshing native plugins compatible for Editor in 6.43 ms, found 3 plugins.
Native extension for WindowsStandalone target not found
[MODES] ModeService[none].Initialize
[MODES] ModeService[none].LoadModes
[MODES] Loading mode Default (0) for mode-current-id-My project
Mono: successfully reloaded assembly
- Finished resetting the current domain, in  1.389 seconds
Domain Reload Profiling: 2789ms
	BeginReloadAssembly (311ms)
		ExecutionOrderSort (0ms)
		DisableScriptedObjects (9ms)
		BackupInstance (0ms)
		ReleaseScriptingObjects (0ms)
		CreateAndSetChildDomain (40ms)
	RebuildCommonClasses (50ms)
	RebuildNativeTypeToScriptingClass (14ms)
	initialDomainReloadingComplete (74ms)
	LoadAllAssembliesAndSetupDomain (951ms)
		LoadAssemblies (826ms)
		RebuildTransferFunctionScriptingTraits (0ms)
		AnalyzeDomain (342ms)
			TypeCache.Refresh (249ms)
				TypeCache.ScanAssembly (225ms)
			BuildScriptInfoCaches (71ms)
			ResolveRequiredComponents (15ms)
	FinalizeReload (1390ms)
		ReleaseScriptCaches (0ms)
		RebuildScriptCaches (0ms)
		SetupLoadedEditorAssemblies (1057ms)
			LogAssemblyErrors (0ms)
			InitializePlatformSupportModulesInManaged (5ms)
			SetLoadedEditorAssemblies (8ms)
			BeforeProcessingInitializeOnLoad (180ms)
			ProcessInitializeOnLoadAttributes (625ms)
			ProcessInitializeOnLoadMethodAttributes (230ms)
			AfterProcessingInitializeOnLoad (9ms)
			EditorAssembliesLoaded (0ms)
		ExecutionOrderSort2 (0ms)
		AwakeInstancesAfterBackupRestoration (9ms)
Launched and connected shader compiler UnityShaderCompiler.exe after 0.05 seconds
Refreshing native plugins compatible for Editor in 8.73 ms, found 3 plugins.
Preloading 0 native plugins for Editor in 0.00 ms.
Unloading 218 Unused Serialized files (Serialized files now loaded: 0)
Unloading 6304 unused Assets / (3.9 MB). Loaded Objects now: 7027.
Memory consumption went from 176.3 MB to 172.4 MB.
Total: 10.592100 ms (FindLiveObjects: 0.624500 ms CreateObjectMapping: 0.392900 ms MarkObjects: 6.699500 ms  DeleteObjects: 2.873800 ms)

========================================================================
Received Prepare
Begin MonoManager ReloadAssembly
- Loaded All Assemblies, in  1.239 seconds
Refreshing native plugins compatible for Editor in 5.38 ms, found 3 plugins.
Native extension for WindowsStandalone target not found
[MODES] ModeService[none].Initialize
[MODES] ModeService[none].LoadModes
Mono: successfully reloaded assembly
- Finished resetting the current domain, in  1.428 seconds
Domain Reload Profiling: 2669ms
	BeginReloadAssembly (352ms)
		ExecutionOrderSort (0ms)
		DisableScriptedObjects (9ms)
		BackupInstance (0ms)
		ReleaseScriptingObjects (0ms)
		CreateAndSetChildDomain (64ms)
	RebuildCommonClasses (51ms)
	RebuildNativeTypeToScriptingClass (16ms)
	initialDomainReloadingComplete (53ms)
	LoadAllAssembliesAndSetupDomain (768ms)
		LoadAssemblies (729ms)
		RebuildTransferFunctionScriptingTraits (0ms)
		AnalyzeDomain (244ms)
			TypeCache.Refresh (10ms)
				TypeCache.ScanAssembly (0ms)
			BuildScriptInfoCaches (216ms)
			ResolveRequiredComponents (14ms)
	FinalizeReload (1429ms)
		ReleaseScriptCaches (0ms)
		RebuildScriptCaches (0ms)
		SetupLoadedEditorAssemblies (1078ms)
			LogAssemblyErrors (0ms)
			InitializePlatformSupportModulesInManaged (7ms)
			SetLoadedEditorAssemblies (11ms)
			BeforeProcessingInitializeOnLoad (222ms)
			ProcessInitializeOnLoadAttributes (629ms)
			ProcessInitializeOnLoadMethodAttributes (197ms)
			AfterProcessingInitializeOnLoad (12ms)
			EditorAssembliesLoaded (0ms)
		ExecutionOrderSort2 (0ms)
		AwakeInstancesAfterBackupRestoration (25ms)
Refreshing native plugins compatible for Editor in 6.93 ms, found 3 plugins.
Preloading 0 native plugins for Editor in 0.00 ms.
Unloading 24 Unused Serialized files (Serialized files now loaded: 0)
Unloading 6302 unused Assets / (3.4 MB). Loaded Objects now: 7042.
Memory consumption went from 156.1 MB to 152.7 MB.
Total: 16.430300 ms (FindLiveObjects: 0.979100 ms CreateObjectMapping: 0.977600 ms MarkObjects: 10.451200 ms  DeleteObjects: 4.019700 ms)

Prepare: number of updated asset objects reloaded= 0
========================================================================
Received Import Request.
  Time since last request: 1786297.632154 seconds.
  path: Assets/Materials and Textures/Concrete/Clean_Concrete_GroundAO.png
  artifactKey: Guid(50711ce1a61553047a4d8aafa15c2b48) Importer(815301076,1909f56bfc062723c751e8b465ee728b)
Start importing Assets/Materials and Textures/Concrete/Clean_Concrete_GroundAO.png using Guid(50711ce1a61553047a4d8aafa15c2b48) Importer(815301076,1909f56bfc062723c751e8b465ee728b) (PreviewImporter) -> (artifact id: 'dafadfaa7990c417aca9a08d5b93e890') in 0.1139348 seconds
Number of updated asset objects reloaded before import = 0Number of asset objects unloaded after import = 2

========================================================================
Received Import Request.
  Time since last request: 0.000028 seconds.
  path: Assets/Materials and Textures/Concrete/Clean_Concrete_GroundNormal.png
  artifactKey: Guid(f50c9d649fa317249b0bae6e9dde1a4b) Importer(815301076,1909f56bfc062723c751e8b465ee728b)
Start importing Assets/Materials and Textures/Concrete/Clean_Concrete_GroundNormal.png using Guid(f50c9d649fa317249b0bae6e9dde1a4b) Importer(815301076,1909f56bfc062723c751e8b465ee728b) (PreviewImporter) -> (artifact id: '8a0da72c68887a9c0193d8a554b451c8') in 0.0581399 seconds
Number of updated asset objects reloaded before import = 0Number of asset objects unloaded after import = 2

========================================================================
Received Import Request.
  Time since last request: 1.012721 seconds.
  path: Assets/Models and Prefabs/Walls and Floors/Models/Stone/materials/Corner-Stone-Model-01.png
  artifactKey: Guid(853428089451e744cb46c7d275ad0639) Importer(815301076,1909f56bfc062723c751e8b465ee728b)
Start importing Assets/Models and Prefabs/Walls and Floors/Models/Stone/materials/Corner-Stone-Model-01.png using Guid(853428089451e744cb46c7d275ad0639) Importer(815301076,1909f56bfc062723c751e8b465ee728b) (PreviewImporter) -> (artifact id: '0f2aa90ff59a0bc756e4e23d89bef814') in 0.013483 seconds
Number of updated asset objects reloaded before import = 0Number of asset objects unloaded after import = 2

========================================================================
Received Import Request.
  Time since last request: 0.392145 seconds.
  path: Assets/Models and Prefabs/Walls and Floors/Models/Stone/materials/Corner-Stone-Model-03.png
  artifactKey: Guid(b5b67259540d6bf4b9e825e43b59b410) Importer(815301076,1909f56bfc062723c751e8b465ee728b)
Start importing Assets/Models and Prefabs/Walls and Floors/Models/Stone/materials/Corner-Stone-Model-03.png using Guid(b5b67259540d6bf4b9e825e43b59b410) Importer(815301076,1909f56bfc062723c751e8b465ee728b) (PreviewImporter) -> (artifact id: '78ee7cd477e0e0edcada715a7f6e7869') in 0.0213283 seconds
Number of updated asset objects reloaded before import = 0Number of asset objects unloaded after import = 2

========================================================================
Received Import Request.
  Time since last request: 0.000026 seconds.
  path: Assets/Models and Prefabs/Walls and Floors/Models/Wood/materials/Corner-Wood-Model-01.png
  artifactKey: Guid(9deb3ae92156f7b4995f914f483a06e8) Importer(815301076,1909f56bfc062723c751e8b465ee728b)
Start importing Assets/Models and Prefabs/Walls and Floors/Models/Wood/materials/Corner-Wood-Model-01.png using Guid(9deb3ae92156f7b4995f914f483a06e8) Importer(815301076,1909f56bfc062723c751e8b465ee728b) (PreviewImporter) -> (artifact id: '28fe4492bfa79b17573c19b280282d95') in 0.0122466 seconds
Number of updated asset objects reloaded before import = 0Number of asset objects unloaded after import = 2

========================================================================
Received Import Request.
  Time since last request: 0.012452 seconds.
  path: Assets/Models and Prefabs/Walls and Floors/Models/Wood/materials/Corner-Wood-Model-03.png
  artifactKey: Guid(c5d56663d295b3e44a03bb4f9e9dad87) Importer(815301076,1909f56bfc062723c751e8b465ee728b)
Start importing Assets/Models and Prefabs/Walls and Floors/Models/Wood/materials/Corner-Wood-Model-03.png using Guid(c5d56663d295b3e44a03bb4f9e9dad87) Importer(815301076,1909f56bfc062723c751e8b465ee728b) (PreviewImporter) -> (artifact id: '943ceaf6e586b038f980b3c78be8f845') in 0.0136132 seconds
Number of updated asset objects reloaded before import = 0Number of asset objects unloaded after import = 2

========================================================================
Received Import Request.
  Time since last request: 0.333107 seconds.
  path: Assets/Models and Prefabs/Walls and Floors/Models/Stone/materials/Door-Stone-Model-01.png
  artifactKey: Guid(22a90a0ad8a42554c892964288104240) Importer(815301076,1909f56bfc062723c751e8b465ee728b)
Start importing Assets/Models and Prefabs/Walls and Floors/Models/Stone/materials/Door-Stone-Model-01.png using Guid(22a90a0ad8a42554c892964288104240) Importer(815301076,1909f56bfc062723c751e8b465ee728b) (PreviewImporter) -> (artifact id: '98f4651f167fd71b24947c774099b948') in 0.0193157 seconds
Number of updated asset objects reloaded before import = 0Number of asset objects unloaded after import = 2

========================================================================
Received Import Request.
  Time since last request: 0.000033 seconds.
  path: Assets/Models and Prefabs/Walls and Floors/Models/Stone/materials/Door-Stone-Model-03.png
  artifactKey: Guid(2c3b502c3b0689e4c8b7f41463ed9197) Importer(815301076,1909f56bfc062723c751e8b465ee728b)
Start importing Assets/Models and Prefabs/Walls and Floors/Models/Stone/materials/Door-Stone-Model-03.png using Guid(2c3b502c3b0689e4c8b7f41463ed9197) Importer(815301076,1909f56bfc062723c751e8b465ee728b) (PreviewImporter) -> (artifact id: '82ea4d1ae3f6a11bede1c71193db6e60') in 0.0126639 seconds
Number of updated asset objects reloaded before import = 0Number of asset objects unloaded after import = 2

========================================================================
Received Import Request.
  Time since last request: 0.000032 seconds.
  path: Assets/Models and Prefabs/Walls and Floors/Models/Wood/materials/Door-Wood-Model-02.png
  artifactKey: Guid(605b52fe3aa7e4f4e88e7e23f776d940) Importer(815301076,1909f56bfc062723c751e8b465ee728b)
Start importing Assets/Models and Prefabs/Walls and Floors/Models/Wood/materials/Door-Wood-Model-02.png using Guid(605b52fe3aa7e4f4e88e7e23f776d940) Importer(815301076,1909f56bfc062723c751e8b465ee728b) (PreviewImporter) -> (artifact id: 'ade5a8daff6f220a8b7a15ffb959f789') in 0.0120773 seconds
Number of updated asset objects reloaded before import = 0Number of asset objects unloaded after import = 2

========================================================================
Received Import Request.
  Time since last request: 0.000034 seconds.
  path: Assets/Models and Prefabs/Walls and Floors/Models/Stone/materials/Floor-Stone-Model-01.png
  artifactKey: Guid(b23359ca8f9cca44f85121625463e5d0) Importer(815301076,1909f56bfc062723c751e8b465ee728b)
Start importing Assets/Models and Prefabs/Walls and Floors/Models/Stone/materials/Floor-Stone-Model-01.png using Guid(b23359ca8f9cca44f85121625463e5d0) Importer(815301076,1909f56bfc062723c751e8b465ee728b) (PreviewImporter) -> (artifact id: '79216ec6fdb582e190e703c030939f5a') in 0.011914 seconds
Number of updated asset objects reloaded before import = 0Number of asset objects unloaded after import = 2

========================================================================
Received Import Request.
  Time since last request: 0.231885 seconds.
  path: Assets/Models and Prefabs/Walls and Floors/Models/Stone/materials/Floor-Stone-Model-02.png
  artifactKey: Guid(2aa5b41a596bc424e852c02af81b563b) Importer(815301076,1909f56bfc062723c751e8b465ee728b)
Start importing Assets/Models and Prefabs/Walls and Floors/Models/Stone/materials/Floor-Stone-Model-02.png using Guid(2aa5b41a596bc424e852c02af81b563b) Importer(815301076,1909f56bfc062723c751e8b465ee728b) (PreviewImporter) -> (artifact id: 'fcd1549b17a133d2ea4a34f598260811') in 0.0151108 seconds
Number of updated asset objects reloaded before import = 0Number of asset objects unloaded after import = 2

========================================================================
Received Import Request.
  Time since last request: 0.000036 seconds.
  path: Assets/Models and Prefabs/Walls and Floors/Models/Stone/materials/Floor-Stone-Model-04.png
  artifactKey: Guid(19fa909af79051c45bc53491eb301c34) Importer(815301076,1909f56bfc062723c751e8b465ee728b)
Start importing Assets/Models and Prefabs/Walls and Floors/Models/Stone/materials/Floor-Stone-Model-04.png using Guid(19fa909af79051c45bc53491eb301c34) Importer(815301076,1909f56bfc062723c751e8b465ee728b) (PreviewImporter) -> (artifact id: '6d0927239f6367fcb2525e76e096f7e1') in 0.0144898 seconds
Number of updated asset objects reloaded before import = 0Number of asset objects unloaded after import = 2

========================================================================
Received Import Request.
  Time since last request: 0.000037 seconds.
  path: Assets/Models and Prefabs/Walls and Floors/Models/Wood/materials/Floor-Wood-Model-02.png
  artifactKey: Guid(5ca38be5f0c1e85438fd46c989a9e4fe) Importer(815301076,1909f56bfc062723c751e8b465ee728b)
Start importing Assets/Models and Prefabs/Walls and Floors/Models/Wood/materials/Floor-Wood-Model-02.png using Guid(5ca38be5f0c1e85438fd46c989a9e4fe) Importer(815301076,1909f56bfc062723c751e8b465ee728b) (PreviewImporter) -> (artifact id: 'd90e611755a6417ead60821f82fb7746') in 0.0111718 seconds
Number of updated asset objects reloaded before import = 0Number of asset objects unloaded after import = 2

========================================================================
Received Import Request.
  Time since last request: 0.050551 seconds.
  path: Assets/Fantasy Skybox FREE/Cubemaps/Classic/FS000_Night_01_Moonless.png
  artifactKey: Guid(ac8a32e5107b67a47939926c52798a2b) Importer(815301076,1909f56bfc062723c751e8b465ee728b)
Start importing Assets/Fantasy Skybox FREE/Cubemaps/Classic/FS000_Night_01_Moonless.png using Guid(ac8a32e5107b67a47939926c52798a2b) Importer(815301076,1909f56bfc062723c751e8b465ee728b) (PreviewImporter) -> (artifact id: 'c4d21b735d729df025e3f2ec57a85201') in 0.5235204 seconds
Number of updated asset objects reloaded before import = 0Number of asset objects unloaded after import = 1

========================================================================
Received Import Request.
  Time since last request: 18.420793 seconds.
  path: Assets/IGB101 Assignment 2 Liam Korver/ReflectionProbe-0.exr
  artifactKey: Guid(87f51d0c61f7079428fdfdd33fe0e712) Importer(815301076,1909f56bfc062723c751e8b465ee728b)
Start importing Assets/IGB101 Assignment 2 Liam Korver/ReflectionProbe-0.exr using Guid(87f51d0c61f7079428fdfdd33fe0e712) Importer(815301076,1909f56bfc062723c751e8b465ee728b) (PreviewImporter) -> (artifact id: '2e0f609189e2e35b1ef02afd822a6482') in 0.0392709 seconds
Number of updated asset objects reloaded before import = 0Number of asset objects unloaded after import = 1

========================================================================
Received Import Request.
  Time since last request: 0.126673 seconds.
  path: Assets/Models and Prefabs/Walls and Floors/Demo Scenes/Demo Dungeons/ReflectionProbe-0.exr
  artifactKey: Guid(87ecdd2ea8a3dc141aaec8febe6c7596) Importer(815301076,1909f56bfc062723c751e8b465ee728b)
Start importing Assets/Models and Prefabs/Walls and Floors/Demo Scenes/Demo Dungeons/ReflectionProbe-0.exr using Guid(87ecdd2ea8a3dc141aaec8febe6c7596) Importer(815301076,1909f56bfc062723c751e8b465ee728b) (PreviewImporter) -> (artifact id: '84428117adc70d039c074fdd909469cf') in 0.0287431 seconds
Number of updated asset objects reloaded before import = 0Number of asset objects unloaded after import = 1

========================================================================
Received Import Request.
  Time since last request: 0.201241 seconds.
  path: Assets/Third Person Controller/Robot Kyle/Textures/Robot_Normal.tga
  artifactKey: Guid(94c473c9137744d7eabd829f1150da8d) Importer(815301076,1909f56bfc062723c751e8b465ee728b)
Start importing Assets/Third Person Controller/Robot Kyle/Textures/Robot_Normal.tga using Guid(94c473c9137744d7eabd829f1150da8d) Importer(815301076,1909f56bfc062723c751e8b465ee728b) (PreviewImporter) -> (artifact id: '9aaa176a4185ea0da9c19e46585ba867') in 0.026916 seconds
Number of updated asset objects reloaded before import = 0Number of asset objects unloaded after import = 2

========================================================================
Received Import Request.
  Time since last request: 0.000049 seconds.
  path: Assets/Models and Prefabs/Walls and Floors/Models/Stone/materials/Wall-Stone-Model-01.png
  artifactKey: Guid(1062c851ac463864a975a31507fa79b2) Importer(815301076,1909f56bfc062723c751e8b465ee728b)
Start importing Assets/Models and Prefabs/Walls and Floors/Models/Stone/materials/Wall-Stone-Model-01.png using Guid(1062c851ac463864a975a31507fa79b2) Importer(815301076,1909f56bfc062723c751e8b465ee728b) (PreviewImporter) -> (artifact id: 'd77b98ebdb9bd57bf2dc7780dabe2ed3') in 0.0207929 seconds
Number of updated asset objects reloaded before import = 0Number of asset objects unloaded after import = 2

========================================================================
Received Import Request.
  Time since last request: 0.295481 seconds.
  path: Assets/Models and Prefabs/Walls and Floors/Models/Stone/materials/Wall-Stone-Model-02.png
  artifactKey: Guid(e97b3d3aca7226f4ca436e792a53f4b1) Importer(815301076,1909f56bfc062723c751e8b465ee728b)
Start importing Assets/Models and Prefabs/Walls and Floors/Models/Stone/materials/Wall-Stone-Model-02.png using Guid(e97b3d3aca7226f4ca436e792a53f4b1) Importer(815301076,1909f56bfc062723c751e8b465ee728b) (PreviewImporter) -> (artifact id: '5347253f4ebd8485758cda2fe2d3f3f8') in 0.0231034 seconds
Number of updated asset objects reloaded before import = 0Number of asset objects unloaded after import = 2

========================================================================
Received Import Request.
  Time since last request: 0.000049 seconds.
  path: Assets/Models and Prefabs/Walls and Floors/Models/Stone/materials/Wall-Stone-Model-04.png
  artifactKey: Guid(69b4732a9481c1c4ba46b1d458fa3a35) Importer(815301076,1909f56bfc062723c751e8b465ee728b)
Start importing Assets/Models and Prefabs/Walls and Floors/Models/Stone/materials/Wall-Stone-Model-04.png using Guid(69b4732a9481c1c4ba46b1d458fa3a35) Importer(815301076,1909f56bfc062723c751e8b465ee728b) (PreviewImporter) -> (artifact id: 'a90a89f050e777f958edfe06827394ad') in 0.0287639 seconds
Number of updated asset objects reloaded before import = 0Number of asset objects unloaded after import = 2

========================================================================
Received Import Request.
  Time since last request: 0.425322 seconds.
  path: Assets/Models and Prefabs/Walls and Floors/Models/Stone/materials/Wall-Stone-Model-06.png
  artifactKey: Guid(1e623ef0f1495bd4188f830da812c633) Importer(815301076,1909f56bfc062723c751e8b465ee728b)
Start importing Assets/Models and Prefabs/Walls and Floors/Models/Stone/materials/Wall-Stone-Model-06.png using Guid(1e623ef0f1495bd4188f830da812c633) Importer(815301076,1909f56bfc062723c751e8b465ee728b) (PreviewImporter) -> (artifact id: '9506fb5c1489a52ecddacd6e4d7b8093') in 0.0217103 seconds
Number of updated asset objects reloaded before import = 0Number of asset objects unloaded after import = 2

========================================================================
Received Import Request.
  Time since last request: 75.262124 seconds.
  path: Packages/com.unity.render-pipelines.universal/Runtime/Materials/ParticlesUnlit.mat
  artifactKey: Guid(e823cd5b5d27c0f4b8256e7c12ee3e6d) Importer(815301076,1909f56bfc062723c751e8b465ee728b)
Start importing Packages/com.unity.render-pipelines.universal/Runtime/Materials/ParticlesUnlit.mat using Guid(e823cd5b5d27c0f4b8256e7c12ee3e6d) Importer(815301076,1909f56bfc062723c751e8b465ee728b) (PreviewImporter) -> (artifact id: '9d2c3e6ffa7389b47b07f732eae53d65') in 0.3341082 seconds
Number of updated asset objects reloaded before import = 0Number of asset objects unloaded after import = 0

========================================================================
Received Prepare
Begin MonoManager ReloadAssembly
- Loaded All Assemblies, in  1.364 seconds
Refreshing native plugins compatible for Editor in 6.59 ms, found 3 plugins.
Native extension for WindowsStandalone target not found
[MODES] ModeService[none].Initialize
[MODES] ModeService[none].LoadModes
Mono: successfully reloaded assembly
- Finished resetting the current domain, in  1.352 seconds
Domain Reload Profiling: 2718ms
	BeginReloadAssembly (414ms)
		ExecutionOrderSort (0ms)
		DisableScriptedObjects (36ms)
		BackupInstance (0ms)
		ReleaseScriptingObjects (0ms)
		CreateAndSetChildDomain (96ms)
	RebuildCommonClasses (54ms)
	RebuildNativeTypeToScriptingClass (17ms)
	initialDomainReloadingComplete (55ms)
	LoadAllAssembliesAndSetupDomain (825ms)
		LoadAssemblies (762ms)
		RebuildTransferFunctionScriptingTraits (0ms)
		AnalyzeDomain (269ms)
			TypeCache.Refresh (8ms)
				TypeCache.ScanAssembly (0ms)
			BuildScriptInfoCaches (234ms)
			ResolveRequiredComponents (19ms)
	FinalizeReload (1353ms)
		ReleaseScriptCaches (0ms)
		RebuildScriptCaches (0ms)
		SetupLoadedEditorAssemblies (1055ms)
			LogAssemblyErrors (0ms)
			InitializePlatformSupportModulesInManaged (4ms)
			SetLoadedEditorAssemblies (10ms)
			BeforeProcessingInitializeOnLoad (183ms)
			ProcessInitializeOnLoadAttributes (623ms)
			ProcessInitializeOnLoadMethodAttributes (223ms)
			AfterProcessingInitializeOnLoad (10ms)
			EditorAssembliesLoaded (1ms)
		ExecutionOrderSort2 (0ms)
		AwakeInstancesAfterBackupRestoration (30ms)
Refreshing native plugins compatible for Editor in 5.70 ms, found 3 plugins.
Preloading 0 native plugins for Editor in 0.00 ms.
Unloading 14 Unused Serialized files (Serialized files now loaded: 0)
Unloading 6303 unused Assets / (3.6 MB). Loaded Objects now: 7118.
Memory consumption went from 174.2 MB to 170.5 MB.
Total: 12.534700 ms (FindLiveObjects: 0.879100 ms CreateObjectMapping: 0.394900 ms MarkObjects: 8.412400 ms  DeleteObjects: 2.845800 ms)

Prepare: number of updated asset objects reloaded= 0
========================================================================
Received Prepare
Begin MonoManager ReloadAssembly
- Loaded All Assemblies, in  1.257 seconds
Refreshing native plugins compatible for Editor in 4.99 ms, found 3 plugins.
Native extension for WindowsStandalone target not found
[MODES] ModeService[none].Initialize
[MODES] ModeService[none].LoadModes
Mono: successfully reloaded assembly
- Finished resetting the current domain, in  1.449 seconds
Domain Reload Profiling: 2708ms
	BeginReloadAssembly (355ms)
		ExecutionOrderSort (0ms)
		DisableScriptedObjects (10ms)
		BackupInstance (0ms)
		ReleaseScriptingObjects (0ms)
		CreateAndSetChildDomain (69ms)
	RebuildCommonClasses (57ms)
	RebuildNativeTypeToScriptingClass (17ms)
	initialDomainReloadingComplete (55ms)
	LoadAllAssembliesAndSetupDomain (774ms)
		LoadAssemblies (710ms)
		RebuildTransferFunctionScriptingTraits (0ms)
		AnalyzeDomain (266ms)
			TypeCache.Refresh (8ms)
				TypeCache.ScanAssembly (0ms)
			BuildScriptInfoCaches (233ms)
			ResolveRequiredComponents (17ms)
	FinalizeReload (1450ms)
		ReleaseScriptCaches (0ms)
		RebuildScriptCaches (0ms)
		SetupLoadedEditorAssemblies (1129ms)
			LogAssemblyErrors (0ms)
			InitializePlatformSupportModulesInManaged (4ms)
			SetLoadedEditorAssemblies (9ms)
			BeforeProcessingInitializeOnLoad (204ms)
			ProcessInitializeOnLoadAttributes (694ms)
			ProcessInitializeOnLoadMethodAttributes (206ms)
			AfterProcessingInitializeOnLoad (11ms)
			EditorAssembliesLoaded (2ms)
		ExecutionOrderSort2 (0ms)
		AwakeInstancesAfterBackupRestoration (34ms)
Refreshing native plugins compatible for Editor in 5.63 ms, found 3 plugins.
Preloading 0 native plugins for Editor in 0.00 ms.
Unloading 14 Unused Serialized files (Serialized files now loaded: 0)
Unloading 6302 unused Assets / (4.2 MB). Loaded Objects now: 7120.
Memory consumption went from 174.0 MB to 169.8 MB.
Total: 13.783200 ms (FindLiveObjects: 1.097400 ms CreateObjectMapping: 0.434400 ms MarkObjects: 8.863600 ms  DeleteObjects: 3.385600 ms)

Prepare: number of updated asset objects reloaded= 0
========================================================================
Received Import Request.
  Time since last request: 504.001382 seconds.
  path: Assets/Models and Prefabs/Walls and Floors/Models/Stone/materials/Wall-Stone-Model-08.png
  artifactKey: Guid(6c463b2c91c1e2c47b18f0c6196fa837) Importer(815301076,1909f56bfc062723c751e8b465ee728b)
Start importing Assets/Models and Prefabs/Walls and Floors/Models/Stone/materials/Wall-Stone-Model-08.png using Guid(6c463b2c91c1e2c47b18f0c6196fa837) Importer(815301076,1909f56bfc062723c751e8b465ee728b) (PreviewImporter) -> (artifact id: 'd5b602d34e72c3d56a82a4b4e3123816') in 0.1391973 seconds
Number of updated asset objects reloaded before import = 0Number of asset objects unloaded after import = 2

========================================================================
Received Import Request.
  Time since last request: 0.000030 seconds.
  path: Assets/Models and Prefabs/Walls and Floors/Models/Stone/materials/Wall-Stone-Model-11.png
  artifactKey: Guid(92fdb74de751e4f4a83b8a1d7bfeb29e) Importer(815301076,1909f56bfc062723c751e8b465ee728b)
Start importing Assets/Models and Prefabs/Walls and Floors/Models/Stone/materials/Wall-Stone-Model-11.png using Guid(92fdb74de751e4f4a83b8a1d7bfeb29e) Importer(815301076,1909f56bfc062723c751e8b465ee728b) (PreviewImporter) -> (artifact id: '21440ccddf812327c01e1ff0c84ad879') in 0.0178409 seconds
Number of updated asset objects reloaded before import = 0Number of asset objects unloaded after import = 2

========================================================================
Received Import Request.
  Time since last request: 0.000036 seconds.
  path: Assets/Models and Prefabs/Walls and Floors/Models/Wood/materials/Wall-Wood-Model-01.png
  artifactKey: Guid(6756ab5e51914e149817b2ecf1b96c93) Importer(815301076,1909f56bfc062723c751e8b465ee728b)
Start importing Assets/Models and Prefabs/Walls and Floors/Models/Wood/materials/Wall-Wood-Model-01.png using Guid(6756ab5e51914e149817b2ecf1b96c93) Importer(815301076,1909f56bfc062723c751e8b465ee728b) (PreviewImporter) -> (artifact id: '45777dd774a985a47f47d189968bbe76') in 0.0167932 seconds
Number of updated asset objects reloaded before import = 0Number of asset objects unloaded after import = 2

========================================================================
Received Import Request.
  Time since last request: 0.000045 seconds.
  path: Assets/Models and Prefabs/Walls and Floors/Models/Wood/materials/Wall-Wood-Model-04.png
  artifactKey: Guid(35e570733089da449b0108e0a643df02) Importer(815301076,1909f56bfc062723c751e8b465ee728b)
Start importing Assets/Models and Prefabs/Walls and Floors/Models/Wood/materials/Wall-Wood-Model-04.png using Guid(35e570733089da449b0108e0a643df02) Importer(815301076,1909f56bfc062723c751e8b465ee728b) (PreviewImporter) -> (artifact id: 'ffea91ebc6d2047bc26d9c05b470c64d') in 0.014573 seconds
Number of updated asset objects reloaded before import = 0Number of asset objects unloaded after import = 2

========================================================================
Received Import Request.
  Time since last request: 0.000027 seconds.
  path: Assets/Models and Prefabs/Walls and Floors/Models/Stone/materials/Wall-Stone-Model-10.png
  artifactKey: Guid(b7290229929885845b1665e4c7d323fb) Importer(815301076,1909f56bfc062723c751e8b465ee728b)
Start importing Assets/Models and Prefabs/Walls and Floors/Models/Stone/materials/Wall-Stone-Model-10.png using Guid(b7290229929885845b1665e4c7d323fb) Importer(815301076,1909f56bfc062723c751e8b465ee728b) (PreviewImporter) -> (artifact id: '92c073465209b59abec48fb9eb52fbd4') in 0.0174878 seconds
Number of updated asset objects reloaded before import = 0Number of asset objects unloaded after import = 2

========================================================================
Received Import Request.
  Time since last request: 0.000064 seconds.
  path: Assets/Models and Prefabs/Walls and Floors/Models/Wood/materials/Wall-Wood-Model-07.png
  artifactKey: Guid(873c5c5ed605db24690f89923871b86e) Importer(815301076,1909f56bfc062723c751e8b465ee728b)
Start importing Assets/Models and Prefabs/Walls and Floors/Models/Wood/materials/Wall-Wood-Model-07.png using Guid(873c5c5ed605db24690f89923871b86e) Importer(815301076,1909f56bfc062723c751e8b465ee728b) (PreviewImporter) -> (artifact id: '516cd57e0c724af76b7583746ee12ab9') in 0.0158793 seconds
Number of updated asset objects reloaded before import = 0Number of asset objects unloaded after import = 2

========================================================================
Received Import Request.
  Time since last request: 0.000029 seconds.
  path: Assets/Models and Prefabs/Walls and Floors/Models/Wood/materials/Wall-Wood-Model-03.png
  artifactKey: Guid(b86e8d2f00e714c458cea7ffa4b81753) Importer(815301076,1909f56bfc062723c751e8b465ee728b)
Start importing Assets/Models and Prefabs/Walls and Floors/Models/Wood/materials/Wall-Wood-Model-03.png using Guid(b86e8d2f00e714c458cea7ffa4b81753) Importer(815301076,1909f56bfc062723c751e8b465ee728b) (PreviewImporter) -> (artifact id: '85db55c64e675968770fd3f27ac4945a') in 0.0188796 seconds
Number of updated asset objects reloaded before import = 0Number of asset objects unloaded after import = 2

========================================================================
Received Import Request.
  Time since last request: 0.000030 seconds.
  path: Assets/Models and Prefabs/Walls and Floors/Models/Wood/materials/Wall-Wood-Model-11.png
  artifactKey: Guid(a93277b1437c8ee4e8cf38e1e3ca480a) Importer(815301076,1909f56bfc062723c751e8b465ee728b)
Start importing Assets/Models and Prefabs/Walls and Floors/Models/Wood/materials/Wall-Wood-Model-11.png using Guid(a93277b1437c8ee4e8cf38e1e3ca480a) Importer(815301076,1909f56bfc062723c751e8b465ee728b) (PreviewImporter) -> (artifact id: 'd844facd9bd91bf5a68d4efe6a9be545') in 0.014886 seconds
Number of updated asset objects reloaded before import = 0Number of asset objects unloaded after import = 2

========================================================================
Received Import Request.
  Time since last request: 0.000063 seconds.
  path: Assets/Models and Prefabs/Walls and Floors/Models/Wood/materials/Wall-Wood-Model-12.png
  artifactKey: Guid(bb57af78a7925424f8995714df58e71e) Importer(815301076,1909f56bfc062723c751e8b465ee728b)
Start importing Assets/Models and Prefabs/Walls and Floors/Models/Wood/materials/Wall-Wood-Model-12.png using Guid(bb57af78a7925424f8995714df58e71e) Importer(815301076,1909f56bfc062723c751e8b465ee728b) (PreviewImporter) -> (artifact id: '279d6b3efc658e8d610fbcb132fc14f8') in 0.0142748 seconds
Number of updated asset objects reloaded before import = 0Number of asset objects unloaded after import = 2

========================================================================
Received Prepare
Begin MonoManager ReloadAssembly
- Loaded All Assemblies, in  1.378 seconds
Refreshing native plugins compatible for Editor in 4.71 ms, found 3 plugins.
Native extension for WindowsStandalone target not found
[MODES] ModeService[none].Initialize
[MODES] ModeService[none].LoadModes
Mono: successfully reloaded assembly
- Finished resetting the current domain, in  1.485 seconds
Domain Reload Profiling: 2865ms
	BeginReloadAssembly (393ms)
		ExecutionOrderSort (0ms)
		DisableScriptedObjects (14ms)
		BackupInstance (0ms)
		ReleaseScriptingObjects (0ms)
		CreateAndSetChildDomain (80ms)
	RebuildCommonClasses (54ms)
	RebuildNativeTypeToScriptingClass (17ms)
	initialDomainReloadingComplete (65ms)
	LoadAllAssembliesAndSetupDomain (849ms)
		LoadAssemblies (785ms)
		RebuildTransferFunctionScriptingTraits (0ms)
		AnalyzeDomain (287ms)
			TypeCache.Refresh (9ms)
				TypeCache.ScanAssembly (0ms)
			BuildScriptInfoCaches (252ms)
			ResolveRequiredComponents (18ms)
	FinalizeReload (1486ms)
		ReleaseScriptCaches (0ms)
		RebuildScriptCaches (0ms)
		SetupLoadedEditorAssemblies (1150ms)
			LogAssemblyErrors (0ms)
			InitializePlatformSupportModulesInManaged (4ms)
			SetLoadedEditorAssemblies (12ms)
			BeforeProcessingInitializeOnLoad (252ms)
			ProcessInitializeOnLoadAttributes (678ms)
			ProcessInitializeOnLoadMethodAttributes (193ms)
			AfterProcessingInitializeOnLoad (11ms)
			EditorAssembliesLoaded (0ms)
		ExecutionOrderSort2 (0ms)
		AwakeInstancesAfterBackupRestoration (26ms)
Refreshing native plugins compatible for Editor in 4.59 ms, found 3 plugins.
Preloading 0 native plugins for Editor in 0.00 ms.
Unloading 14 Unused Serialized files (Serialized files now loaded: 0)
Unloading 6302 unused Assets / (3.8 MB). Loaded Objects now: 7122.
Memory consumption went from 175.0 MB to 171.2 MB.
Total: 11.627700 ms (FindLiveObjects: 0.800900 ms CreateObjectMapping: 0.479600 ms MarkObjects: 7.483700 ms  DeleteObjects: 2.861000 ms)

Prepare: number of updated asset objects reloaded= 0
Editor requested this worker to shutdown with reason: Scaling down because of idle timeout
AssetImportWorker is now disconnected from the server
Process exiting
Exiting without the bug reporter. Application will terminate with return code 0